CRITICAL - 2022-06-09 07:23:43 --> Undefined variable: producto_categoria
#0 C:\xampp\htdocs\CI_CastilloBrenda\app\Controllers\Home.php(75): CodeIgniter\Debug\Exceptions->errorHandler(8, 'Undefined varia...', 'C:\\xampp\\htdocs...', 75, Array)
#1 C:\xampp\htdocs\CI_CastilloBrenda\system\CodeIgniter.php(832): App\Controllers\Home->f_listar_productos()
#2 C:\xampp\htdocs\CI_CastilloBrenda\system\CodeIgniter.php(419): CodeIgniter\CodeIgniter->runController(Object(App\Controllers\Home))
#3 C:\xampp\htdocs\CI_CastilloBrenda\system\CodeIgniter.php(326): CodeIgniter\CodeIgniter->handleRequest(NULL, Object(Config\Cache), false)
#4 C:\xampp\htdocs\CI_CastilloBrenda\index.php(37): CodeIgniter\CodeIgniter->run()
#5 {main}
CRITICAL - 2022-06-09 07:23:53 --> Undefined variable: producto_categoria
#0 C:\xampp\htdocs\CI_CastilloBrenda\app\Controllers\Home.php(75): CodeIgniter\Debug\Exceptions->errorHandler(8, 'Undefined varia...', 'C:\\xampp\\htdocs...', 75, Array)
#1 C:\xampp\htdocs\CI_CastilloBrenda\system\CodeIgniter.php(832): App\Controllers\Home->f_listar_productos()
#2 C:\xampp\htdocs\CI_CastilloBrenda\system\CodeIgniter.php(419): CodeIgniter\CodeIgniter->runController(Object(App\Controllers\Home))
#3 C:\xampp\htdocs\CI_CastilloBrenda\system\CodeIgniter.php(326): CodeIgniter\CodeIgniter->handleRequest(NULL, Object(Config\Cache), false)
#4 C:\xampp\htdocs\CI_CastilloBrenda\index.php(37): CodeIgniter\CodeIgniter->run()
#5 {main}
ERROR - 2022-06-09 07:31:08 --> The insert method must be passed an array containing data.
ERROR - 2022-06-09 07:33:20 --> The insert method must be passed an array containing data.
CRITICAL - 2022-06-09 07:41:51 --> Undefined variable: data
#0 C:\xampp\htdocs\CI_CastilloBrenda\app\Controllers\CarritoController.php(42): CodeIgniter\Debug\Exceptions->errorHandler(8, 'Undefined varia...', 'C:\\xampp\\htdocs...', 42, Array)
#1 C:\xampp\htdocs\CI_CastilloBrenda\system\CodeIgniter.php(832): App\Controllers\CarritoController->agregar_carrito()
#2 C:\xampp\htdocs\CI_CastilloBrenda\system\CodeIgniter.php(419): CodeIgniter\CodeIgniter->runController(Object(App\Controllers\CarritoController))
#3 C:\xampp\htdocs\CI_CastilloBrenda\system\CodeIgniter.php(326): CodeIgniter\CodeIgniter->handleRequest(NULL, Object(Config\Cache), false)
#4 C:\xampp\htdocs\CI_CastilloBrenda\index.php(37): CodeIgniter\CodeIgniter->run()
#5 {main}
ERROR - 2022-06-09 07:42:11 --> The insert method must be passed an array containing data.
CRITICAL - 2022-06-09 07:42:12 --> Undefined variable: producto
#0 C:\xampp\htdocs\CI_CastilloBrenda\app\Views\carrito_view.php(23): CodeIgniter\Debug\Exceptions->errorHandler(8, 'Undefined varia...', 'C:\\xampp\\htdocs...', 23, Array)
#1 C:\xampp\htdocs\CI_CastilloBrenda\system\View\View.php(210): include('C:\\xampp\\htdocs...')
#2 C:\xampp\htdocs\CI_CastilloBrenda\system\View\View.php(213): CodeIgniter\View\View->CodeIgniter\View\{closure}()
#3 C:\xampp\htdocs\CI_CastilloBrenda\system\Common.php(1089): CodeIgniter\View\View->render('carrito_view', Array, true)
#4 C:\xampp\htdocs\CI_CastilloBrenda\app\Controllers\CarritoController.php(20): view('carrito_view')
#5 C:\xampp\htdocs\CI_CastilloBrenda\system\CodeIgniter.php(832): App\Controllers\CarritoController->index()
#6 C:\xampp\htdocs\CI_CastilloBrenda\system\CodeIgniter.php(419): CodeIgniter\CodeIgniter->runController(Object(App\Controllers\CarritoController))
#7 C:\xampp\htdocs\CI_CastilloBrenda\system\CodeIgniter.php(326): CodeIgniter\CodeIgniter->handleRequest(NULL, Object(Config\Cache), false)
#8 C:\xampp\htdocs\CI_CastilloBrenda\index.php(37): CodeIgniter\CodeIgniter->run()
#9 {main}
CRITICAL - 2022-06-09 07:49:08 --> Undefined variable: data
#0 C:\xampp\htdocs\CI_CastilloBrenda\app\Controllers\CarritoController.php(35): CodeIgniter\Debug\Exceptions->errorHandler(8, 'Undefined varia...', 'C:\\xampp\\htdocs...', 35, Array)
#1 C:\xampp\htdocs\CI_CastilloBrenda\system\CodeIgniter.php(832): App\Controllers\CarritoController->agregar_carrito()
#2 C:\xampp\htdocs\CI_CastilloBrenda\system\CodeIgniter.php(419): CodeIgniter\CodeIgniter->runController(Object(App\Controllers\CarritoController))
#3 C:\xampp\htdocs\CI_CastilloBrenda\system\CodeIgniter.php(326): CodeIgniter\CodeIgniter->handleRequest(NULL, Object(Config\Cache), false)
#4 C:\xampp\htdocs\CI_CastilloBrenda\index.php(37): CodeIgniter\CodeIgniter->run()
#5 {main}
CRITICAL - 2022-06-09 07:50:52 --> Undefined variable: data
#0 C:\xampp\htdocs\CI_CastilloBrenda\app\Controllers\CarritoController.php(34): CodeIgniter\Debug\Exceptions->errorHandler(8, 'Undefined varia...', 'C:\\xampp\\htdocs...', 34, Array)
#1 C:\xampp\htdocs\CI_CastilloBrenda\system\CodeIgniter.php(832): App\Controllers\CarritoController->agregar_carrito()
#2 C:\xampp\htdocs\CI_CastilloBrenda\system\CodeIgniter.php(419): CodeIgniter\CodeIgniter->runController(Object(App\Controllers\CarritoController))
#3 C:\xampp\htdocs\CI_CastilloBrenda\system\CodeIgniter.php(326): CodeIgniter\CodeIgniter->handleRequest(NULL, Object(Config\Cache), false)
#4 C:\xampp\htdocs\CI_CastilloBrenda\index.php(37): CodeIgniter\CodeIgniter->run()
#5 {main}
CRITICAL - 2022-06-09 07:52:30 --> Undefined variable: producto
#0 C:\xampp\htdocs\CI_CastilloBrenda\app\Views\carrito_view.php(23): CodeIgniter\Debug\Exceptions->errorHandler(8, 'Undefined varia...', 'C:\\xampp\\htdocs...', 23, Array)
#1 C:\xampp\htdocs\CI_CastilloBrenda\system\View\View.php(210): include('C:\\xampp\\htdocs...')
#2 C:\xampp\htdocs\CI_CastilloBrenda\system\View\View.php(213): CodeIgniter\View\View->CodeIgniter\View\{closure}()
#3 C:\xampp\htdocs\CI_CastilloBrenda\system\Common.php(1089): CodeIgniter\View\View->render('carrito_view', Array, true)
#4 C:\xampp\htdocs\CI_CastilloBrenda\app\Controllers\CarritoController.php(21): view('carrito_view')
#5 C:\xampp\htdocs\CI_CastilloBrenda\system\CodeIgniter.php(832): App\Controllers\CarritoController->index()
#6 C:\xampp\htdocs\CI_CastilloBrenda\system\CodeIgniter.php(419): CodeIgniter\CodeIgniter->runController(Object(App\Controllers\CarritoController))
#7 C:\xampp\htdocs\CI_CastilloBrenda\system\CodeIgniter.php(326): CodeIgniter\CodeIgniter->handleRequest(NULL, Object(Config\Cache), false)
#8 C:\xampp\htdocs\CI_CastilloBrenda\index.php(37): CodeIgniter\CodeIgniter->run()
#9 {main}
CRITICAL - 2022-06-09 08:00:02 --> Undefined variable: producto
#0 C:\xampp\htdocs\CI_CastilloBrenda\app\Views\carrito_view.php(25): CodeIgniter\Debug\Exceptions->errorHandler(8, 'Undefined varia...', 'C:\\xampp\\htdocs...', 25, Array)
#1 C:\xampp\htdocs\CI_CastilloBrenda\system\View\View.php(210): include('C:\\xampp\\htdocs...')
#2 C:\xampp\htdocs\CI_CastilloBrenda\system\View\View.php(213): CodeIgniter\View\View->CodeIgniter\View\{closure}()
#3 C:\xampp\htdocs\CI_CastilloBrenda\system\Common.php(1089): CodeIgniter\View\View->render('carrito_view', Array, true)
#4 C:\xampp\htdocs\CI_CastilloBrenda\app\Controllers\CarritoController.php(21): view('carrito_view')
#5 C:\xampp\htdocs\CI_CastilloBrenda\system\CodeIgniter.php(832): App\Controllers\CarritoController->index()
#6 C:\xampp\htdocs\CI_CastilloBrenda\system\CodeIgniter.php(419): CodeIgniter\CodeIgniter->runController(Object(App\Controllers\CarritoController))
#7 C:\xampp\htdocs\CI_CastilloBrenda\system\CodeIgniter.php(326): CodeIgniter\CodeIgniter->handleRequest(NULL, Object(Config\Cache), false)
#8 C:\xampp\htdocs\CI_CastilloBrenda\index.php(37): CodeIgniter\CodeIgniter->run()
#9 {main}
CRITICAL - 2022-06-09 08:06:56 --> Illegal string offset 'id'
#0 C:\xampp\htdocs\CI_CastilloBrenda\app\Views\carrito_view.php(27): CodeIgniter\Debug\Exceptions->errorHandler(2, 'Illegal string ...', 'C:\\xampp\\htdocs...', 27, Array)
#1 C:\xampp\htdocs\CI_CastilloBrenda\system\View\View.php(210): include('C:\\xampp\\htdocs...')
#2 C:\xampp\htdocs\CI_CastilloBrenda\system\View\View.php(213): CodeIgniter\View\View->CodeIgniter\View\{closure}()
#3 C:\xampp\htdocs\CI_CastilloBrenda\system\Common.php(1089): CodeIgniter\View\View->render('carrito_view', Array, true)
#4 C:\xampp\htdocs\CI_CastilloBrenda\app\Controllers\CarritoController.php(21): view('carrito_view')
#5 C:\xampp\htdocs\CI_CastilloBrenda\system\CodeIgniter.php(832): App\Controllers\CarritoController->index()
#6 C:\xampp\htdocs\CI_CastilloBrenda\system\CodeIgniter.php(419): CodeIgniter\CodeIgniter->runController(Object(App\Controllers\CarritoController))
#7 C:\xampp\htdocs\CI_CastilloBrenda\system\CodeIgniter.php(326): CodeIgniter\CodeIgniter->handleRequest(NULL, Object(Config\Cache), false)
#8 C:\xampp\htdocs\CI_CastilloBrenda\index.php(37): CodeIgniter\CodeIgniter->run()
#9 {main}
CRITICAL - 2022-06-09 08:08:55 --> Undefined index: id_producto
#0 C:\xampp\htdocs\CI_CastilloBrenda\app\Views\carrito_view.php(35): CodeIgniter\Debug\Exceptions->errorHandler(8, 'Undefined index...', 'C:\\xampp\\htdocs...', 35, Array)
#1 C:\xampp\htdocs\CI_CastilloBrenda\system\View\View.php(210): include('C:\\xampp\\htdocs...')
#2 C:\xampp\htdocs\CI_CastilloBrenda\system\View\View.php(213): CodeIgniter\View\View->CodeIgniter\View\{closure}()
#3 C:\xampp\htdocs\CI_CastilloBrenda\system\Common.php(1089): CodeIgniter\View\View->render('carrito_view', Array, true)
#4 C:\xampp\htdocs\CI_CastilloBrenda\app\Controllers\CarritoController.php(21): view('carrito_view')
#5 C:\xampp\htdocs\CI_CastilloBrenda\system\CodeIgniter.php(832): App\Controllers\CarritoController->index()
#6 C:\xampp\htdocs\CI_CastilloBrenda\system\CodeIgniter.php(419): CodeIgniter\CodeIgniter->runController(Object(App\Controllers\CarritoController))
#7 C:\xampp\htdocs\CI_CastilloBrenda\system\CodeIgniter.php(326): CodeIgniter\CodeIgniter->handleRequest(NULL, Object(Config\Cache), false)
#8 C:\xampp\htdocs\CI_CastilloBrenda\index.php(37): CodeIgniter\CodeIgniter->run()
#9 {main}
CRITICAL - 2022-06-09 08:46:09 --> syntax error, unexpected 'endforeach' (T_ENDFOREACH)
#0 C:\xampp\htdocs\CI_CastilloBrenda\system\View\View.php(213): CodeIgniter\View\View->CodeIgniter\View\{closure}()
#1 C:\xampp\htdocs\CI_CastilloBrenda\system\Common.php(1089): CodeIgniter\View\View->render('carrito_view', Array, true)
#2 C:\xampp\htdocs\CI_CastilloBrenda\app\Controllers\CarritoController.php(21): view('carrito_view')
#3 C:\xampp\htdocs\CI_CastilloBrenda\system\CodeIgniter.php(832): App\Controllers\CarritoController->index()
#4 C:\xampp\htdocs\CI_CastilloBrenda\system\CodeIgniter.php(419): CodeIgniter\CodeIgniter->runController(Object(App\Controllers\CarritoController))
#5 C:\xampp\htdocs\CI_CastilloBrenda\system\CodeIgniter.php(326): CodeIgniter\CodeIgniter->handleRequest(NULL, Object(Config\Cache), false)
#6 C:\xampp\htdocs\CI_CastilloBrenda\index.php(37): CodeIgniter\CodeIgniter->run()
#7 {main}
CRITICAL - 2022-06-09 09:28:43 --> syntax error, unexpected ';', expecting ')'
#0 C:\xampp\htdocs\CI_CastilloBrenda\system\View\View.php(213): CodeIgniter\View\View->CodeIgniter\View\{closure}()
#1 C:\xampp\htdocs\CI_CastilloBrenda\system\Common.php(1089): CodeIgniter\View\View->render('carrito_view', Array, true)
#2 C:\xampp\htdocs\CI_CastilloBrenda\app\Controllers\CarritoController.php(21): view('carrito_view')
#3 C:\xampp\htdocs\CI_CastilloBrenda\system\CodeIgniter.php(832): App\Controllers\CarritoController->index()
#4 C:\xampp\htdocs\CI_CastilloBrenda\system\CodeIgniter.php(419): CodeIgniter\CodeIgniter->runController(Object(App\Controllers\CarritoController))
#5 C:\xampp\htdocs\CI_CastilloBrenda\system\CodeIgniter.php(326): CodeIgniter\CodeIgniter->handleRequest(NULL, Object(Config\Cache), false)
#6 C:\xampp\htdocs\CI_CastilloBrenda\index.php(37): CodeIgniter\CodeIgniter->run()
#7 {main}
CRITICAL - 2022-06-09 09:45:58 --> syntax error, unexpected end of file
#0 C:\xampp\htdocs\CI_CastilloBrenda\system\View\View.php(213): CodeIgniter\View\View->CodeIgniter\View\{closure}()
#1 C:\xampp\htdocs\CI_CastilloBrenda\system\Common.php(1089): CodeIgniter\View\View->render('carrito_view', Array, true)
#2 C:\xampp\htdocs\CI_CastilloBrenda\app\Controllers\CarritoController.php(21): view('carrito_view')
#3 C:\xampp\htdocs\CI_CastilloBrenda\system\CodeIgniter.php(832): App\Controllers\CarritoController->index()
#4 C:\xampp\htdocs\CI_CastilloBrenda\system\CodeIgniter.php(419): CodeIgniter\CodeIgniter->runController(Object(App\Controllers\CarritoController))
#5 C:\xampp\htdocs\CI_CastilloBrenda\system\CodeIgniter.php(326): CodeIgniter\CodeIgniter->handleRequest(NULL, Object(Config\Cache), false)
#6 C:\xampp\htdocs\CI_CastilloBrenda\index.php(37): CodeIgniter\CodeIgniter->run()
#7 {main}
CRITICAL - 2022-06-09 09:48:12 --> syntax error, unexpected end of file
#0 C:\xampp\htdocs\CI_CastilloBrenda\system\View\View.php(213): CodeIgniter\View\View->CodeIgniter\View\{closure}()
#1 C:\xampp\htdocs\CI_CastilloBrenda\system\Common.php(1089): CodeIgniter\View\View->render('carrito_view', Array, true)
#2 C:\xampp\htdocs\CI_CastilloBrenda\app\Controllers\CarritoController.php(21): view('carrito_view')
#3 C:\xampp\htdocs\CI_CastilloBrenda\system\CodeIgniter.php(832): App\Controllers\CarritoController->index()
#4 C:\xampp\htdocs\CI_CastilloBrenda\system\CodeIgniter.php(419): CodeIgniter\CodeIgniter->runController(Object(App\Controllers\CarritoController))
#5 C:\xampp\htdocs\CI_CastilloBrenda\system\CodeIgniter.php(326): CodeIgniter\CodeIgniter->handleRequest(NULL, Object(Config\Cache), false)
#6 C:\xampp\htdocs\CI_CastilloBrenda\index.php(37): CodeIgniter\CodeIgniter->run()
#7 {main}
CRITICAL - 2022-06-09 09:49:55 --> syntax error, unexpected end of file
#0 C:\xampp\htdocs\CI_CastilloBrenda\system\View\View.php(213): CodeIgniter\View\View->CodeIgniter\View\{closure}()
#1 C:\xampp\htdocs\CI_CastilloBrenda\system\Common.php(1089): CodeIgniter\View\View->render('carrito_view', Array, true)
#2 C:\xampp\htdocs\CI_CastilloBrenda\app\Controllers\CarritoController.php(21): view('carrito_view')
#3 C:\xampp\htdocs\CI_CastilloBrenda\system\CodeIgniter.php(832): App\Controllers\CarritoController->index()
#4 C:\xampp\htdocs\CI_CastilloBrenda\system\CodeIgniter.php(419): CodeIgniter\CodeIgniter->runController(Object(App\Controllers\CarritoController))
#5 C:\xampp\htdocs\CI_CastilloBrenda\system\CodeIgniter.php(326): CodeIgniter\CodeIgniter->handleRequest(NULL, Object(Config\Cache), false)
#6 C:\xampp\htdocs\CI_CastilloBrenda\index.php(37): CodeIgniter\CodeIgniter->run()
#7 {main}
