CRITICAL - 2022-05-11 11:09:16 --> Undefined property: App\Controllers\ConsultaController::$load
#0 C:\xampp\htdocs\CI_CastilloBrenda\app\Controllers\ConsultaController.php(9): CodeIgniter\Debug\Exceptions->errorHandler(8, 'Undefined prope...', 'C:\\xampp\\htdocs...', 9, Array)
#1 C:\xampp\htdocs\CI_CastilloBrenda\system\CodeIgniter.php(832): App\Controllers\ConsultaController->f_registrar_consulta()
#2 C:\xampp\htdocs\CI_CastilloBrenda\system\CodeIgniter.php(419): CodeIgniter\CodeIgniter->runController(Object(App\Controllers\ConsultaController))
#3 C:\xampp\htdocs\CI_CastilloBrenda\system\CodeIgniter.php(326): CodeIgniter\CodeIgniter->handleRequest(NULL, Object(Config\Cache), false)
#4 C:\xampp\htdocs\CI_CastilloBrenda\index.php(37): CodeIgniter\CodeIgniter->run()
#5 {main}
CRITICAL - 2022-05-11 11:09:25 --> Undefined property: App\Controllers\ConsultaController::$load
#0 C:\xampp\htdocs\CI_CastilloBrenda\app\Controllers\ConsultaController.php(9): CodeIgniter\Debug\Exceptions->errorHandler(8, 'Undefined prope...', 'C:\\xampp\\htdocs...', 9, Array)
#1 C:\xampp\htdocs\CI_CastilloBrenda\system\CodeIgniter.php(832): App\Controllers\ConsultaController->f_registrar_consulta()
#2 C:\xampp\htdocs\CI_CastilloBrenda\system\CodeIgniter.php(419): CodeIgniter\CodeIgniter->runController(Object(App\Controllers\ConsultaController))
#3 C:\xampp\htdocs\CI_CastilloBrenda\system\CodeIgniter.php(326): CodeIgniter\CodeIgniter->handleRequest(NULL, Object(Config\Cache), false)
#4 C:\xampp\htdocs\CI_CastilloBrenda\index.php(37): CodeIgniter\CodeIgniter->run()
#5 {main}
CRITICAL - 2022-05-11 11:10:31 --> Undefined property: App\Controllers\ConsultaController::$load
#0 C:\xampp\htdocs\CI_CastilloBrenda\app\Controllers\ConsultaController.php(12): CodeIgniter\Debug\Exceptions->errorHandler(8, 'Undefined prope...', 'C:\\xampp\\htdocs...', 12, Array)
#1 C:\xampp\htdocs\CI_CastilloBrenda\system\CodeIgniter.php(832): App\Controllers\ConsultaController->f_registrar_consulta()
#2 C:\xampp\htdocs\CI_CastilloBrenda\system\CodeIgniter.php(419): CodeIgniter\CodeIgniter->runController(Object(App\Controllers\ConsultaController))
#3 C:\xampp\htdocs\CI_CastilloBrenda\system\CodeIgniter.php(326): CodeIgniter\CodeIgniter->handleRequest(NULL, Object(Config\Cache), false)
#4 C:\xampp\htdocs\CI_CastilloBrenda\index.php(37): CodeIgniter\CodeIgniter->run()
#5 {main}
CRITICAL - 2022-05-11 11:10:38 --> Undefined property: App\Controllers\ConsultaController::$load
#0 C:\xampp\htdocs\CI_CastilloBrenda\app\Controllers\ConsultaController.php(12): CodeIgniter\Debug\Exceptions->errorHandler(8, 'Undefined prope...', 'C:\\xampp\\htdocs...', 12, Array)
#1 C:\xampp\htdocs\CI_CastilloBrenda\system\CodeIgniter.php(832): App\Controllers\ConsultaController->f_registrar_consulta()
#2 C:\xampp\htdocs\CI_CastilloBrenda\system\CodeIgniter.php(419): CodeIgniter\CodeIgniter->runController(Object(App\Controllers\ConsultaController))
#3 C:\xampp\htdocs\CI_CastilloBrenda\system\CodeIgniter.php(326): CodeIgniter\CodeIgniter->handleRequest(NULL, Object(Config\Cache), false)
#4 C:\xampp\htdocs\CI_CastilloBrenda\index.php(37): CodeIgniter\CodeIgniter->run()
#5 {main}
CRITICAL - 2022-05-11 11:10:47 --> Undefined property: App\Controllers\ConsultaController::$load
#0 C:\xampp\htdocs\CI_CastilloBrenda\app\Controllers\ConsultaController.php(12): CodeIgniter\Debug\Exceptions->errorHandler(8, 'Undefined prope...', 'C:\\xampp\\htdocs...', 12, Array)
#1 C:\xampp\htdocs\CI_CastilloBrenda\system\CodeIgniter.php(832): App\Controllers\ConsultaController->f_registrar_consulta()
#2 C:\xampp\htdocs\CI_CastilloBrenda\system\CodeIgniter.php(419): CodeIgniter\CodeIgniter->runController(Object(App\Controllers\ConsultaController))
#3 C:\xampp\htdocs\CI_CastilloBrenda\system\CodeIgniter.php(326): CodeIgniter\CodeIgniter->handleRequest(NULL, Object(Config\Cache), false)
#4 C:\xampp\htdocs\CI_CastilloBrenda\index.php(37): CodeIgniter\CodeIgniter->run()
#5 {main}
CRITICAL - 2022-05-11 11:14:51 --> Undefined property: App\Controllers\ConsultaController::$load
#0 C:\xampp\htdocs\CI_CastilloBrenda\app\Controllers\ConsultaController.php(12): CodeIgniter\Debug\Exceptions->errorHandler(8, 'Undefined prope...', 'C:\\xampp\\htdocs...', 12, Array)
#1 C:\xampp\htdocs\CI_CastilloBrenda\system\CodeIgniter.php(832): App\Controllers\ConsultaController->f_registrar_consulta()
#2 C:\xampp\htdocs\CI_CastilloBrenda\system\CodeIgniter.php(419): CodeIgniter\CodeIgniter->runController(Object(App\Controllers\ConsultaController))
#3 C:\xampp\htdocs\CI_CastilloBrenda\system\CodeIgniter.php(326): CodeIgniter\CodeIgniter->handleRequest(NULL, Object(Config\Cache), false)
#4 C:\xampp\htdocs\CI_CastilloBrenda\index.php(37): CodeIgniter\CodeIgniter->run()
#5 {main}
CRITICAL - 2022-05-11 11:17:27 --> Undefined property: App\Controllers\ConsultaController::$form_validation
#0 C:\xampp\htdocs\CI_CastilloBrenda\app\Controllers\ConsultaController.php(14): CodeIgniter\Debug\Exceptions->errorHandler(8, 'Undefined prope...', 'C:\\xampp\\htdocs...', 14, Array)
#1 C:\xampp\htdocs\CI_CastilloBrenda\system\CodeIgniter.php(832): App\Controllers\ConsultaController->f_registrar_consulta()
#2 C:\xampp\htdocs\CI_CastilloBrenda\system\CodeIgniter.php(419): CodeIgniter\CodeIgniter->runController(Object(App\Controllers\ConsultaController))
#3 C:\xampp\htdocs\CI_CastilloBrenda\system\CodeIgniter.php(326): CodeIgniter\CodeIgniter->handleRequest(NULL, Object(Config\Cache), false)
#4 C:\xampp\htdocs\CI_CastilloBrenda\index.php(37): CodeIgniter\CodeIgniter->run()
#5 {main}
CRITICAL - 2022-05-11 11:19:27 --> Invalid file: contenido/form.php
#0 C:\xampp\htdocs\CI_CastilloBrenda\system\View\View.php(198): CodeIgniter\Exceptions\FrameworkException::forInvalidFile('contenido/form....')
#1 C:\xampp\htdocs\CI_CastilloBrenda\system\Common.php(1089): CodeIgniter\View\View->render('contenido/form', Array, true)
#2 C:\xampp\htdocs\CI_CastilloBrenda\app\Controllers\ConsultaController.php(16): view('contenido/form', Array)
#3 C:\xampp\htdocs\CI_CastilloBrenda\system\CodeIgniter.php(832): App\Controllers\ConsultaController->f_registrar_consulta()
#4 C:\xampp\htdocs\CI_CastilloBrenda\system\CodeIgniter.php(419): CodeIgniter\CodeIgniter->runController(Object(App\Controllers\ConsultaController))
#5 C:\xampp\htdocs\CI_CastilloBrenda\system\CodeIgniter.php(326): CodeIgniter\CodeIgniter->handleRequest(NULL, Object(Config\Cache), false)
#6 C:\xampp\htdocs\CI_CastilloBrenda\index.php(37): CodeIgniter\CodeIgniter->run()
#7 {main}
CRITICAL - 2022-05-11 11:20:18 --> Invalid file: form.php
#0 C:\xampp\htdocs\CI_CastilloBrenda\system\View\View.php(198): CodeIgniter\Exceptions\FrameworkException::forInvalidFile('form.php')
#1 C:\xampp\htdocs\CI_CastilloBrenda\system\Common.php(1089): CodeIgniter\View\View->render('form', Array, true)
#2 C:\xampp\htdocs\CI_CastilloBrenda\app\Controllers\ConsultaController.php(16): view('form', Array)
#3 C:\xampp\htdocs\CI_CastilloBrenda\system\CodeIgniter.php(832): App\Controllers\ConsultaController->f_registrar_consulta()
#4 C:\xampp\htdocs\CI_CastilloBrenda\system\CodeIgniter.php(419): CodeIgniter\CodeIgniter->runController(Object(App\Controllers\ConsultaController))
#5 C:\xampp\htdocs\CI_CastilloBrenda\system\CodeIgniter.php(326): CodeIgniter\CodeIgniter->handleRequest(NULL, Object(Config\Cache), false)
#6 C:\xampp\htdocs\CI_CastilloBrenda\index.php(37): CodeIgniter\CodeIgniter->run()
#7 {main}
CRITICAL - 2022-05-11 11:20:23 --> Invalid file: form.php
#0 C:\xampp\htdocs\CI_CastilloBrenda\system\View\View.php(198): CodeIgniter\Exceptions\FrameworkException::forInvalidFile('form.php')
#1 C:\xampp\htdocs\CI_CastilloBrenda\system\Common.php(1089): CodeIgniter\View\View->render('form', Array, true)
#2 C:\xampp\htdocs\CI_CastilloBrenda\app\Controllers\ConsultaController.php(16): view('form', Array)
#3 C:\xampp\htdocs\CI_CastilloBrenda\system\CodeIgniter.php(832): App\Controllers\ConsultaController->f_registrar_consulta()
#4 C:\xampp\htdocs\CI_CastilloBrenda\system\CodeIgniter.php(419): CodeIgniter\CodeIgniter->runController(Object(App\Controllers\ConsultaController))
#5 C:\xampp\htdocs\CI_CastilloBrenda\system\CodeIgniter.php(326): CodeIgniter\CodeIgniter->handleRequest(NULL, Object(Config\Cache), false)
#6 C:\xampp\htdocs\CI_CastilloBrenda\index.php(37): CodeIgniter\CodeIgniter->run()
#7 {main}
CRITICAL - 2022-05-11 11:21:01 --> Invalid file: cons.php
#0 C:\xampp\htdocs\CI_CastilloBrenda\system\View\View.php(198): CodeIgniter\Exceptions\FrameworkException::forInvalidFile('cons.php')
#1 C:\xampp\htdocs\CI_CastilloBrenda\system\Common.php(1089): CodeIgniter\View\View->render('cons', Array, true)
#2 C:\xampp\htdocs\CI_CastilloBrenda\app\Controllers\ConsultaController.php(16): view('cons', Array)
#3 C:\xampp\htdocs\CI_CastilloBrenda\system\CodeIgniter.php(832): App\Controllers\ConsultaController->f_registrar_consulta()
#4 C:\xampp\htdocs\CI_CastilloBrenda\system\CodeIgniter.php(419): CodeIgniter\CodeIgniter->runController(Object(App\Controllers\ConsultaController))
#5 C:\xampp\htdocs\CI_CastilloBrenda\system\CodeIgniter.php(326): CodeIgniter\CodeIgniter->handleRequest(NULL, Object(Config\Cache), false)
#6 C:\xampp\htdocs\CI_CastilloBrenda\index.php(37): CodeIgniter\CodeIgniter->run()
#7 {main}
CRITICAL - 2022-05-11 11:21:06 --> Invalid file: cons.php
#0 C:\xampp\htdocs\CI_CastilloBrenda\system\View\View.php(198): CodeIgniter\Exceptions\FrameworkException::forInvalidFile('cons.php')
#1 C:\xampp\htdocs\CI_CastilloBrenda\system\Common.php(1089): CodeIgniter\View\View->render('cons', Array, true)
#2 C:\xampp\htdocs\CI_CastilloBrenda\app\Controllers\ConsultaController.php(16): view('cons', Array)
#3 C:\xampp\htdocs\CI_CastilloBrenda\system\CodeIgniter.php(832): App\Controllers\ConsultaController->f_registrar_consulta()
#4 C:\xampp\htdocs\CI_CastilloBrenda\system\CodeIgniter.php(419): CodeIgniter\CodeIgniter->runController(Object(App\Controllers\ConsultaController))
#5 C:\xampp\htdocs\CI_CastilloBrenda\system\CodeIgniter.php(326): CodeIgniter\CodeIgniter->handleRequest(NULL, Object(Config\Cache), false)
#6 C:\xampp\htdocs\CI_CastilloBrenda\index.php(37): CodeIgniter\CodeIgniter->run()
#7 {main}
CRITICAL - 2022-05-11 11:21:31 --> Undefined property: App\Controllers\Form::$load
#0 C:\xampp\htdocs\CI_CastilloBrenda\app\Controllers\Form.php(9): CodeIgniter\Debug\Exceptions->errorHandler(8, 'Undefined prope...', 'C:\\xampp\\htdocs...', 9, Array)
#1 C:\xampp\htdocs\CI_CastilloBrenda\system\CodeIgniter.php(832): App\Controllers\Form->index()
#2 C:\xampp\htdocs\CI_CastilloBrenda\system\CodeIgniter.php(419): CodeIgniter\CodeIgniter->runController(Object(App\Controllers\Form))
#3 C:\xampp\htdocs\CI_CastilloBrenda\system\CodeIgniter.php(326): CodeIgniter\CodeIgniter->handleRequest(NULL, Object(Config\Cache), false)
#4 C:\xampp\htdocs\CI_CastilloBrenda\index.php(37): CodeIgniter\CodeIgniter->run()
#5 {main}
CRITICAL - 2022-05-11 11:22:23 --> Undefined property: App\Controllers\Form::$load
#0 C:\xampp\htdocs\CI_CastilloBrenda\app\Controllers\Form.php(11): CodeIgniter\Debug\Exceptions->errorHandler(8, 'Undefined prope...', 'C:\\xampp\\htdocs...', 11, Array)
#1 C:\xampp\htdocs\CI_CastilloBrenda\system\CodeIgniter.php(832): App\Controllers\Form->index()
#2 C:\xampp\htdocs\CI_CastilloBrenda\system\CodeIgniter.php(419): CodeIgniter\CodeIgniter->runController(Object(App\Controllers\Form))
#3 C:\xampp\htdocs\CI_CastilloBrenda\system\CodeIgniter.php(326): CodeIgniter\CodeIgniter->handleRequest(NULL, Object(Config\Cache), false)
#4 C:\xampp\htdocs\CI_CastilloBrenda\index.php(37): CodeIgniter\CodeIgniter->run()
#5 {main}
CRITICAL - 2022-05-11 11:23:57 --> Undefined property: App\Controllers\Form::$load
#0 C:\xampp\htdocs\CI_CastilloBrenda\app\Controllers\Form.php(12): CodeIgniter\Debug\Exceptions->errorHandler(8, 'Undefined prope...', 'C:\\xampp\\htdocs...', 12, Array)
#1 C:\xampp\htdocs\CI_CastilloBrenda\system\CodeIgniter.php(832): App\Controllers\Form->index()
#2 C:\xampp\htdocs\CI_CastilloBrenda\system\CodeIgniter.php(419): CodeIgniter\CodeIgniter->runController(Object(App\Controllers\Form))
#3 C:\xampp\htdocs\CI_CastilloBrenda\system\CodeIgniter.php(326): CodeIgniter\CodeIgniter->handleRequest(NULL, Object(Config\Cache), false)
#4 C:\xampp\htdocs\CI_CastilloBrenda\index.php(37): CodeIgniter\CodeIgniter->run()
#5 {main}
CRITICAL - 2022-05-11 11:24:43 --> Undefined property: App\Controllers\Form::$load
#0 C:\xampp\htdocs\CI_CastilloBrenda\app\Controllers\Form.php(12): CodeIgniter\Debug\Exceptions->errorHandler(8, 'Undefined prope...', 'C:\\xampp\\htdocs...', 12, Array)
#1 C:\xampp\htdocs\CI_CastilloBrenda\system\CodeIgniter.php(832): App\Controllers\Form->index()
#2 C:\xampp\htdocs\CI_CastilloBrenda\system\CodeIgniter.php(419): CodeIgniter\CodeIgniter->runController(Object(App\Controllers\Form))
#3 C:\xampp\htdocs\CI_CastilloBrenda\system\CodeIgniter.php(326): CodeIgniter\CodeIgniter->handleRequest(NULL, Object(Config\Cache), false)
#4 C:\xampp\htdocs\CI_CastilloBrenda\index.php(37): CodeIgniter\CodeIgniter->run()
#5 {main}
CRITICAL - 2022-05-11 11:25:09 --> Undefined property: App\Controllers\Form::$load
#0 C:\xampp\htdocs\CI_CastilloBrenda\app\Controllers\Form.php(12): CodeIgniter\Debug\Exceptions->errorHandler(8, 'Undefined prope...', 'C:\\xampp\\htdocs...', 12, Array)
#1 C:\xampp\htdocs\CI_CastilloBrenda\system\CodeIgniter.php(832): App\Controllers\Form->index()
#2 C:\xampp\htdocs\CI_CastilloBrenda\system\CodeIgniter.php(419): CodeIgniter\CodeIgniter->runController(Object(App\Controllers\Form))
#3 C:\xampp\htdocs\CI_CastilloBrenda\system\CodeIgniter.php(326): CodeIgniter\CodeIgniter->handleRequest(NULL, Object(Config\Cache), false)
#4 C:\xampp\htdocs\CI_CastilloBrenda\index.php(37): CodeIgniter\CodeIgniter->run()
#5 {main}
CRITICAL - 2022-05-11 11:25:26 --> Undefined property: App\Controllers\Form::$form_validation
#0 C:\xampp\htdocs\CI_CastilloBrenda\app\Controllers\Form.php(13): CodeIgniter\Debug\Exceptions->errorHandler(8, 'Undefined prope...', 'C:\\xampp\\htdocs...', 13, Array)
#1 C:\xampp\htdocs\CI_CastilloBrenda\system\CodeIgniter.php(832): App\Controllers\Form->index()
#2 C:\xampp\htdocs\CI_CastilloBrenda\system\CodeIgniter.php(419): CodeIgniter\CodeIgniter->runController(Object(App\Controllers\Form))
#3 C:\xampp\htdocs\CI_CastilloBrenda\system\CodeIgniter.php(326): CodeIgniter\CodeIgniter->handleRequest(NULL, Object(Config\Cache), false)
#4 C:\xampp\htdocs\CI_CastilloBrenda\index.php(37): CodeIgniter\CodeIgniter->run()
#5 {main}
CRITICAL - 2022-05-11 11:25:29 --> Undefined property: App\Controllers\Form::$form_validation
#0 C:\xampp\htdocs\CI_CastilloBrenda\app\Controllers\Form.php(13): CodeIgniter\Debug\Exceptions->errorHandler(8, 'Undefined prope...', 'C:\\xampp\\htdocs...', 13, Array)
#1 C:\xampp\htdocs\CI_CastilloBrenda\system\CodeIgniter.php(832): App\Controllers\Form->index()
#2 C:\xampp\htdocs\CI_CastilloBrenda\system\CodeIgniter.php(419): CodeIgniter\CodeIgniter->runController(Object(App\Controllers\Form))
#3 C:\xampp\htdocs\CI_CastilloBrenda\system\CodeIgniter.php(326): CodeIgniter\CodeIgniter->handleRequest(NULL, Object(Config\Cache), false)
#4 C:\xampp\htdocs\CI_CastilloBrenda\index.php(37): CodeIgniter\CodeIgniter->run()
#5 {main}
CRITICAL - 2022-05-11 11:25:34 --> Undefined property: App\Controllers\Form::$form_validation
#0 C:\xampp\htdocs\CI_CastilloBrenda\app\Controllers\Form.php(13): CodeIgniter\Debug\Exceptions->errorHandler(8, 'Undefined prope...', 'C:\\xampp\\htdocs...', 13, Array)
#1 C:\xampp\htdocs\CI_CastilloBrenda\system\CodeIgniter.php(832): App\Controllers\Form->index()
#2 C:\xampp\htdocs\CI_CastilloBrenda\system\CodeIgniter.php(419): CodeIgniter\CodeIgniter->runController(Object(App\Controllers\Form))
#3 C:\xampp\htdocs\CI_CastilloBrenda\system\CodeIgniter.php(326): CodeIgniter\CodeIgniter->handleRequest(NULL, Object(Config\Cache), false)
#4 C:\xampp\htdocs\CI_CastilloBrenda\index.php(37): CodeIgniter\CodeIgniter->run()
#5 {main}
CRITICAL - 2022-05-11 11:25:46 --> Undefined property: App\Controllers\Form::$form_validation
#0 C:\xampp\htdocs\CI_CastilloBrenda\app\Controllers\Form.php(15): CodeIgniter\Debug\Exceptions->errorHandler(8, 'Undefined prope...', 'C:\\xampp\\htdocs...', 15, Array)
#1 C:\xampp\htdocs\CI_CastilloBrenda\system\CodeIgniter.php(832): App\Controllers\Form->index()
#2 C:\xampp\htdocs\CI_CastilloBrenda\system\CodeIgniter.php(419): CodeIgniter\CodeIgniter->runController(Object(App\Controllers\Form))
#3 C:\xampp\htdocs\CI_CastilloBrenda\system\CodeIgniter.php(326): CodeIgniter\CodeIgniter->handleRequest(NULL, Object(Config\Cache), false)
#4 C:\xampp\htdocs\CI_CastilloBrenda\index.php(37): CodeIgniter\CodeIgniter->run()
#5 {main}
CRITICAL - 2022-05-11 11:28:13 --> syntax error, unexpected 'else' (T_ELSE)
#0 C:\xampp\htdocs\CI_CastilloBrenda\system\Router\Router.php(175): CodeIgniter\Router\Router->autoRoute('form')
#1 C:\xampp\htdocs\CI_CastilloBrenda\system\CodeIgniter.php(726): CodeIgniter\Router\Router->handle('form')
#2 C:\xampp\htdocs\CI_CastilloBrenda\system\CodeIgniter.php(368): CodeIgniter\CodeIgniter->tryToRouteIt(Object(CodeIgniter\Router\RouteCollection))
#3 C:\xampp\htdocs\CI_CastilloBrenda\system\CodeIgniter.php(326): CodeIgniter\CodeIgniter->handleRequest(NULL, Object(Config\Cache), false)
#4 C:\xampp\htdocs\CI_CastilloBrenda\index.php(37): CodeIgniter\CodeIgniter->run()
#5 {main}
CRITICAL - 2022-05-11 11:30:45 --> syntax error, unexpected 'else' (T_ELSE)
#0 C:\xampp\htdocs\CI_CastilloBrenda\system\Router\Router.php(175): CodeIgniter\Router\Router->autoRoute('form')
#1 C:\xampp\htdocs\CI_CastilloBrenda\system\CodeIgniter.php(726): CodeIgniter\Router\Router->handle('form')
#2 C:\xampp\htdocs\CI_CastilloBrenda\system\CodeIgniter.php(368): CodeIgniter\CodeIgniter->tryToRouteIt(Object(CodeIgniter\Router\RouteCollection))
#3 C:\xampp\htdocs\CI_CastilloBrenda\system\CodeIgniter.php(326): CodeIgniter\CodeIgniter->handleRequest(NULL, Object(Config\Cache), false)
#4 C:\xampp\htdocs\CI_CastilloBrenda\index.php(37): CodeIgniter\CodeIgniter->run()
#5 {main}
CRITICAL - 2022-05-11 11:30:52 --> syntax error, unexpected 'else' (T_ELSE)
#0 C:\xampp\htdocs\CI_CastilloBrenda\system\Autoloader\Autoloader.php(241): CodeIgniter\Autoloader\Autoloader->includeFile('C:\\xampp\\htdocs...')
#1 C:\xampp\htdocs\CI_CastilloBrenda\system\Autoloader\Autoloader.php(219): CodeIgniter\Autoloader\Autoloader->loadInNamespace('App\\Controllers...')
#2 [internal function]: CodeIgniter\Autoloader\Autoloader->loadClass('App\\Controllers...')
#3 [internal function]: spl_autoload_call('App\\Controllers...')
#4 C:\xampp\htdocs\CI_CastilloBrenda\system\CodeIgniter.php(797): class_exists('\\App\\Controller...', true)
#5 C:\xampp\htdocs\CI_CastilloBrenda\system\CodeIgniter.php(406): CodeIgniter\CodeIgniter->startController()
#6 C:\xampp\htdocs\CI_CastilloBrenda\system\CodeIgniter.php(326): CodeIgniter\CodeIgniter->handleRequest(NULL, Object(Config\Cache), false)
#7 C:\xampp\htdocs\CI_CastilloBrenda\index.php(37): CodeIgniter\CodeIgniter->run()
#8 {main}
CRITICAL - 2022-05-11 11:32:56 --> syntax error, unexpected end of file, expecting function (T_FUNCTION) or const (T_CONST)
#0 C:\xampp\htdocs\CI_CastilloBrenda\system\Autoloader\Autoloader.php(241): CodeIgniter\Autoloader\Autoloader->includeFile('C:\\xampp\\htdocs...')
#1 C:\xampp\htdocs\CI_CastilloBrenda\system\Autoloader\Autoloader.php(219): CodeIgniter\Autoloader\Autoloader->loadInNamespace('App\\Controllers...')
#2 [internal function]: CodeIgniter\Autoloader\Autoloader->loadClass('App\\Controllers...')
#3 [internal function]: spl_autoload_call('App\\Controllers...')
#4 C:\xampp\htdocs\CI_CastilloBrenda\system\CodeIgniter.php(797): class_exists('\\App\\Controller...', true)
#5 C:\xampp\htdocs\CI_CastilloBrenda\system\CodeIgniter.php(406): CodeIgniter\CodeIgniter->startController()
#6 C:\xampp\htdocs\CI_CastilloBrenda\system\CodeIgniter.php(326): CodeIgniter\CodeIgniter->handleRequest(NULL, Object(Config\Cache), false)
#7 C:\xampp\htdocs\CI_CastilloBrenda\index.php(37): CodeIgniter\CodeIgniter->run()
#8 {main}
