CRITICAL - 2022-06-10 19:09:11 --> Undefined variable: item
#0 C:\xampp\htdocs\CI_CastilloBrenda\app\Views\carrito_view.php(49): CodeIgniter\Debug\Exceptions->errorHandler(8, 'Undefined varia...', 'C:\\xampp\\htdocs...', 49, Array)
#1 C:\xampp\htdocs\CI_CastilloBrenda\system\View\View.php(210): include('C:\\xampp\\htdocs...')
#2 C:\xampp\htdocs\CI_CastilloBrenda\system\View\View.php(213): CodeIgniter\View\View->CodeIgniter\View\{closure}()
#3 C:\xampp\htdocs\CI_CastilloBrenda\system\Common.php(1089): CodeIgniter\View\View->render('carrito_view', Array, true)
#4 C:\xampp\htdocs\CI_CastilloBrenda\app\Controllers\CarritoController.php(21): view('carrito_view')
#5 C:\xampp\htdocs\CI_CastilloBrenda\system\CodeIgniter.php(832): App\Controllers\CarritoController->index()
#6 C:\xampp\htdocs\CI_CastilloBrenda\system\CodeIgniter.php(419): CodeIgniter\CodeIgniter->runController(Object(App\Controllers\CarritoController))
#7 C:\xampp\htdocs\CI_CastilloBrenda\system\CodeIgniter.php(326): CodeIgniter\CodeIgniter->handleRequest(NULL, Object(Config\Cache), false)
#8 C:\xampp\htdocs\CI_CastilloBrenda\index.php(37): CodeIgniter\CodeIgniter->run()
#9 {main}
CRITICAL - 2022-06-10 19:09:37 --> Undefined variable: item
#0 C:\xampp\htdocs\CI_CastilloBrenda\app\Views\carrito_view.php(49): CodeIgniter\Debug\Exceptions->errorHandler(8, 'Undefined varia...', 'C:\\xampp\\htdocs...', 49, Array)
#1 C:\xampp\htdocs\CI_CastilloBrenda\system\View\View.php(210): include('C:\\xampp\\htdocs...')
#2 C:\xampp\htdocs\CI_CastilloBrenda\system\View\View.php(213): CodeIgniter\View\View->CodeIgniter\View\{closure}()
#3 C:\xampp\htdocs\CI_CastilloBrenda\system\Common.php(1089): CodeIgniter\View\View->render('carrito_view', Array, true)
#4 C:\xampp\htdocs\CI_CastilloBrenda\app\Controllers\CarritoController.php(21): view('carrito_view')
#5 C:\xampp\htdocs\CI_CastilloBrenda\system\CodeIgniter.php(832): App\Controllers\CarritoController->index()
#6 C:\xampp\htdocs\CI_CastilloBrenda\system\CodeIgniter.php(419): CodeIgniter\CodeIgniter->runController(Object(App\Controllers\CarritoController))
#7 C:\xampp\htdocs\CI_CastilloBrenda\system\CodeIgniter.php(326): CodeIgniter\CodeIgniter->handleRequest(NULL, Object(Config\Cache), false)
#8 C:\xampp\htdocs\CI_CastilloBrenda\index.php(37): CodeIgniter\CodeIgniter->run()
#9 {main}
CRITICAL - 2022-06-10 19:15:30 --> Undefined variable: item
#0 C:\xampp\htdocs\CI_CastilloBrenda\app\Views\carrito_view.php(49): CodeIgniter\Debug\Exceptions->errorHandler(8, 'Undefined varia...', 'C:\\xampp\\htdocs...', 49, Array)
#1 C:\xampp\htdocs\CI_CastilloBrenda\system\View\View.php(210): include('C:\\xampp\\htdocs...')
#2 C:\xampp\htdocs\CI_CastilloBrenda\system\View\View.php(213): CodeIgniter\View\View->CodeIgniter\View\{closure}()
#3 C:\xampp\htdocs\CI_CastilloBrenda\system\Common.php(1089): CodeIgniter\View\View->render('carrito_view', Array, true)
#4 C:\xampp\htdocs\CI_CastilloBrenda\app\Controllers\CarritoController.php(21): view('carrito_view')
#5 C:\xampp\htdocs\CI_CastilloBrenda\system\CodeIgniter.php(832): App\Controllers\CarritoController->index()
#6 C:\xampp\htdocs\CI_CastilloBrenda\system\CodeIgniter.php(419): CodeIgniter\CodeIgniter->runController(Object(App\Controllers\CarritoController))
#7 C:\xampp\htdocs\CI_CastilloBrenda\system\CodeIgniter.php(326): CodeIgniter\CodeIgniter->handleRequest(NULL, Object(Config\Cache), false)
#8 C:\xampp\htdocs\CI_CastilloBrenda\index.php(37): CodeIgniter\CodeIgniter->run()
#9 {main}
CRITICAL - 2022-06-10 19:16:07 --> Undefined variable: item
#0 C:\xampp\htdocs\CI_CastilloBrenda\app\Views\carrito_view.php(49): CodeIgniter\Debug\Exceptions->errorHandler(8, 'Undefined varia...', 'C:\\xampp\\htdocs...', 49, Array)
#1 C:\xampp\htdocs\CI_CastilloBrenda\system\View\View.php(210): include('C:\\xampp\\htdocs...')
#2 C:\xampp\htdocs\CI_CastilloBrenda\system\View\View.php(213): CodeIgniter\View\View->CodeIgniter\View\{closure}()
#3 C:\xampp\htdocs\CI_CastilloBrenda\system\Common.php(1089): CodeIgniter\View\View->render('carrito_view', Array, true)
#4 C:\xampp\htdocs\CI_CastilloBrenda\app\Controllers\CarritoController.php(21): view('carrito_view')
#5 C:\xampp\htdocs\CI_CastilloBrenda\system\CodeIgniter.php(832): App\Controllers\CarritoController->index()
#6 C:\xampp\htdocs\CI_CastilloBrenda\system\CodeIgniter.php(419): CodeIgniter\CodeIgniter->runController(Object(App\Controllers\CarritoController))
#7 C:\xampp\htdocs\CI_CastilloBrenda\system\CodeIgniter.php(326): CodeIgniter\CodeIgniter->handleRequest(NULL, Object(Config\Cache), false)
#8 C:\xampp\htdocs\CI_CastilloBrenda\index.php(37): CodeIgniter\CodeIgniter->run()
#9 {main}
CRITICAL - 2022-06-10 19:16:10 --> Undefined variable: item
#0 C:\xampp\htdocs\CI_CastilloBrenda\app\Views\carrito_view.php(49): CodeIgniter\Debug\Exceptions->errorHandler(8, 'Undefined varia...', 'C:\\xampp\\htdocs...', 49, Array)
#1 C:\xampp\htdocs\CI_CastilloBrenda\system\View\View.php(210): include('C:\\xampp\\htdocs...')
#2 C:\xampp\htdocs\CI_CastilloBrenda\system\View\View.php(213): CodeIgniter\View\View->CodeIgniter\View\{closure}()
#3 C:\xampp\htdocs\CI_CastilloBrenda\system\Common.php(1089): CodeIgniter\View\View->render('carrito_view', Array, true)
#4 C:\xampp\htdocs\CI_CastilloBrenda\app\Controllers\CarritoController.php(21): view('carrito_view')
#5 C:\xampp\htdocs\CI_CastilloBrenda\system\CodeIgniter.php(832): App\Controllers\CarritoController->index()
#6 C:\xampp\htdocs\CI_CastilloBrenda\system\CodeIgniter.php(419): CodeIgniter\CodeIgniter->runController(Object(App\Controllers\CarritoController))
#7 C:\xampp\htdocs\CI_CastilloBrenda\system\CodeIgniter.php(326): CodeIgniter\CodeIgniter->handleRequest(NULL, Object(Config\Cache), false)
#8 C:\xampp\htdocs\CI_CastilloBrenda\index.php(37): CodeIgniter\CodeIgniter->run()
#9 {main}
CRITICAL - 2022-06-10 19:16:12 --> Undefined variable: item
#0 C:\xampp\htdocs\CI_CastilloBrenda\app\Views\carrito_view.php(49): CodeIgniter\Debug\Exceptions->errorHandler(8, 'Undefined varia...', 'C:\\xampp\\htdocs...', 49, Array)
#1 C:\xampp\htdocs\CI_CastilloBrenda\system\View\View.php(210): include('C:\\xampp\\htdocs...')
#2 C:\xampp\htdocs\CI_CastilloBrenda\system\View\View.php(213): CodeIgniter\View\View->CodeIgniter\View\{closure}()
#3 C:\xampp\htdocs\CI_CastilloBrenda\system\Common.php(1089): CodeIgniter\View\View->render('carrito_view', Array, true)
#4 C:\xampp\htdocs\CI_CastilloBrenda\app\Controllers\CarritoController.php(21): view('carrito_view')
#5 C:\xampp\htdocs\CI_CastilloBrenda\system\CodeIgniter.php(832): App\Controllers\CarritoController->index()
#6 C:\xampp\htdocs\CI_CastilloBrenda\system\CodeIgniter.php(419): CodeIgniter\CodeIgniter->runController(Object(App\Controllers\CarritoController))
#7 C:\xampp\htdocs\CI_CastilloBrenda\system\CodeIgniter.php(326): CodeIgniter\CodeIgniter->handleRequest(NULL, Object(Config\Cache), false)
#8 C:\xampp\htdocs\CI_CastilloBrenda\index.php(37): CodeIgniter\CodeIgniter->run()
#9 {main}
CRITICAL - 2022-06-10 19:16:14 --> Undefined variable: item
#0 C:\xampp\htdocs\CI_CastilloBrenda\app\Views\carrito_view.php(49): CodeIgniter\Debug\Exceptions->errorHandler(8, 'Undefined varia...', 'C:\\xampp\\htdocs...', 49, Array)
#1 C:\xampp\htdocs\CI_CastilloBrenda\system\View\View.php(210): include('C:\\xampp\\htdocs...')
#2 C:\xampp\htdocs\CI_CastilloBrenda\system\View\View.php(213): CodeIgniter\View\View->CodeIgniter\View\{closure}()
#3 C:\xampp\htdocs\CI_CastilloBrenda\system\Common.php(1089): CodeIgniter\View\View->render('carrito_view', Array, true)
#4 C:\xampp\htdocs\CI_CastilloBrenda\app\Controllers\CarritoController.php(21): view('carrito_view')
#5 C:\xampp\htdocs\CI_CastilloBrenda\system\CodeIgniter.php(832): App\Controllers\CarritoController->index()
#6 C:\xampp\htdocs\CI_CastilloBrenda\system\CodeIgniter.php(419): CodeIgniter\CodeIgniter->runController(Object(App\Controllers\CarritoController))
#7 C:\xampp\htdocs\CI_CastilloBrenda\system\CodeIgniter.php(326): CodeIgniter\CodeIgniter->handleRequest(NULL, Object(Config\Cache), false)
#8 C:\xampp\htdocs\CI_CastilloBrenda\index.php(37): CodeIgniter\CodeIgniter->run()
#9 {main}
CRITICAL - 2022-06-10 19:16:15 --> Undefined variable: item
#0 C:\xampp\htdocs\CI_CastilloBrenda\app\Views\carrito_view.php(49): CodeIgniter\Debug\Exceptions->errorHandler(8, 'Undefined varia...', 'C:\\xampp\\htdocs...', 49, Array)
#1 C:\xampp\htdocs\CI_CastilloBrenda\system\View\View.php(210): include('C:\\xampp\\htdocs...')
#2 C:\xampp\htdocs\CI_CastilloBrenda\system\View\View.php(213): CodeIgniter\View\View->CodeIgniter\View\{closure}()
#3 C:\xampp\htdocs\CI_CastilloBrenda\system\Common.php(1089): CodeIgniter\View\View->render('carrito_view', Array, true)
#4 C:\xampp\htdocs\CI_CastilloBrenda\app\Controllers\CarritoController.php(21): view('carrito_view')
#5 C:\xampp\htdocs\CI_CastilloBrenda\system\CodeIgniter.php(832): App\Controllers\CarritoController->index()
#6 C:\xampp\htdocs\CI_CastilloBrenda\system\CodeIgniter.php(419): CodeIgniter\CodeIgniter->runController(Object(App\Controllers\CarritoController))
#7 C:\xampp\htdocs\CI_CastilloBrenda\system\CodeIgniter.php(326): CodeIgniter\CodeIgniter->handleRequest(NULL, Object(Config\Cache), false)
#8 C:\xampp\htdocs\CI_CastilloBrenda\index.php(37): CodeIgniter\CodeIgniter->run()
#9 {main}
CRITICAL - 2022-06-10 19:16:39 --> Undefined variable: item
#0 C:\xampp\htdocs\CI_CastilloBrenda\app\Views\carrito_view.php(49): CodeIgniter\Debug\Exceptions->errorHandler(8, 'Undefined varia...', 'C:\\xampp\\htdocs...', 49, Array)
#1 C:\xampp\htdocs\CI_CastilloBrenda\system\View\View.php(210): include('C:\\xampp\\htdocs...')
#2 C:\xampp\htdocs\CI_CastilloBrenda\system\View\View.php(213): CodeIgniter\View\View->CodeIgniter\View\{closure}()
#3 C:\xampp\htdocs\CI_CastilloBrenda\system\Common.php(1089): CodeIgniter\View\View->render('carrito_view', Array, true)
#4 C:\xampp\htdocs\CI_CastilloBrenda\app\Controllers\CarritoController.php(21): view('carrito_view')
#5 C:\xampp\htdocs\CI_CastilloBrenda\system\CodeIgniter.php(832): App\Controllers\CarritoController->index()
#6 C:\xampp\htdocs\CI_CastilloBrenda\system\CodeIgniter.php(419): CodeIgniter\CodeIgniter->runController(Object(App\Controllers\CarritoController))
#7 C:\xampp\htdocs\CI_CastilloBrenda\system\CodeIgniter.php(326): CodeIgniter\CodeIgniter->handleRequest(NULL, Object(Config\Cache), false)
#8 C:\xampp\htdocs\CI_CastilloBrenda\index.php(37): CodeIgniter\CodeIgniter->run()
#9 {main}
CRITICAL - 2022-06-10 19:27:24 --> syntax error, unexpected ';', expecting ')'
#0 C:\xampp\htdocs\CI_CastilloBrenda\system\View\View.php(213): CodeIgniter\View\View->CodeIgniter\View\{closure}()
#1 C:\xampp\htdocs\CI_CastilloBrenda\system\Common.php(1089): CodeIgniter\View\View->render('carrito_view', Array, true)
#2 C:\xampp\htdocs\CI_CastilloBrenda\app\Controllers\CarritoController.php(21): view('carrito_view')
#3 C:\xampp\htdocs\CI_CastilloBrenda\system\CodeIgniter.php(832): App\Controllers\CarritoController->index()
#4 C:\xampp\htdocs\CI_CastilloBrenda\system\CodeIgniter.php(419): CodeIgniter\CodeIgniter->runController(Object(App\Controllers\CarritoController))
#5 C:\xampp\htdocs\CI_CastilloBrenda\system\CodeIgniter.php(326): CodeIgniter\CodeIgniter->handleRequest(NULL, Object(Config\Cache), false)
#6 C:\xampp\htdocs\CI_CastilloBrenda\index.php(37): CodeIgniter\CodeIgniter->run()
#7 {main}
CRITICAL - 2022-06-10 19:27:53 --> syntax error, unexpected ';', expecting ')'
#0 C:\xampp\htdocs\CI_CastilloBrenda\system\View\View.php(213): CodeIgniter\View\View->CodeIgniter\View\{closure}()
#1 C:\xampp\htdocs\CI_CastilloBrenda\system\Common.php(1089): CodeIgniter\View\View->render('carrito_view', Array, true)
#2 C:\xampp\htdocs\CI_CastilloBrenda\app\Controllers\CarritoController.php(21): view('carrito_view')
#3 C:\xampp\htdocs\CI_CastilloBrenda\system\CodeIgniter.php(832): App\Controllers\CarritoController->index()
#4 C:\xampp\htdocs\CI_CastilloBrenda\system\CodeIgniter.php(419): CodeIgniter\CodeIgniter->runController(Object(App\Controllers\CarritoController))
#5 C:\xampp\htdocs\CI_CastilloBrenda\system\CodeIgniter.php(326): CodeIgniter\CodeIgniter->handleRequest(NULL, Object(Config\Cache), false)
#6 C:\xampp\htdocs\CI_CastilloBrenda\index.php(37): CodeIgniter\CodeIgniter->run()
#7 {main}
CRITICAL - 2022-06-10 19:27:58 --> syntax error, unexpected ';', expecting ')'
#0 C:\xampp\htdocs\CI_CastilloBrenda\system\View\View.php(213): CodeIgniter\View\View->CodeIgniter\View\{closure}()
#1 C:\xampp\htdocs\CI_CastilloBrenda\system\Common.php(1089): CodeIgniter\View\View->render('carrito_view', Array, true)
#2 C:\xampp\htdocs\CI_CastilloBrenda\app\Controllers\CarritoController.php(21): view('carrito_view')
#3 C:\xampp\htdocs\CI_CastilloBrenda\system\CodeIgniter.php(832): App\Controllers\CarritoController->index()
#4 C:\xampp\htdocs\CI_CastilloBrenda\system\CodeIgniter.php(419): CodeIgniter\CodeIgniter->runController(Object(App\Controllers\CarritoController))
#5 C:\xampp\htdocs\CI_CastilloBrenda\system\CodeIgniter.php(326): CodeIgniter\CodeIgniter->handleRequest(NULL, Object(Config\Cache), false)
#6 C:\xampp\htdocs\CI_CastilloBrenda\index.php(37): CodeIgniter\CodeIgniter->run()
#7 {main}
CRITICAL - 2022-06-10 19:28:34 --> syntax error, unexpected '$total' (T_VARIABLE), expecting ')'
#0 C:\xampp\htdocs\CI_CastilloBrenda\system\View\View.php(213): CodeIgniter\View\View->CodeIgniter\View\{closure}()
#1 C:\xampp\htdocs\CI_CastilloBrenda\system\Common.php(1089): CodeIgniter\View\View->render('carrito_view', Array, true)
#2 C:\xampp\htdocs\CI_CastilloBrenda\app\Controllers\CarritoController.php(21): view('carrito_view')
#3 C:\xampp\htdocs\CI_CastilloBrenda\system\CodeIgniter.php(832): App\Controllers\CarritoController->index()
#4 C:\xampp\htdocs\CI_CastilloBrenda\system\CodeIgniter.php(419): CodeIgniter\CodeIgniter->runController(Object(App\Controllers\CarritoController))
#5 C:\xampp\htdocs\CI_CastilloBrenda\system\CodeIgniter.php(326): CodeIgniter\CodeIgniter->handleRequest(NULL, Object(Config\Cache), false)
#6 C:\xampp\htdocs\CI_CastilloBrenda\index.php(37): CodeIgniter\CodeIgniter->run()
#7 {main}
CRITICAL - 2022-06-10 19:28:43 --> syntax error, unexpected ';', expecting ')'
#0 C:\xampp\htdocs\CI_CastilloBrenda\system\View\View.php(213): CodeIgniter\View\View->CodeIgniter\View\{closure}()
#1 C:\xampp\htdocs\CI_CastilloBrenda\system\Common.php(1089): CodeIgniter\View\View->render('carrito_view', Array, true)
#2 C:\xampp\htdocs\CI_CastilloBrenda\app\Controllers\CarritoController.php(21): view('carrito_view')
#3 C:\xampp\htdocs\CI_CastilloBrenda\system\CodeIgniter.php(832): App\Controllers\CarritoController->index()
#4 C:\xampp\htdocs\CI_CastilloBrenda\system\CodeIgniter.php(419): CodeIgniter\CodeIgniter->runController(Object(App\Controllers\CarritoController))
#5 C:\xampp\htdocs\CI_CastilloBrenda\system\CodeIgniter.php(326): CodeIgniter\CodeIgniter->handleRequest(NULL, Object(Config\Cache), false)
#6 C:\xampp\htdocs\CI_CastilloBrenda\index.php(37): CodeIgniter\CodeIgniter->run()
#7 {main}
CRITICAL - 2022-06-10 19:33:43 --> syntax error, unexpected ';', expecting ')'
#0 C:\xampp\htdocs\CI_CastilloBrenda\system\View\View.php(213): CodeIgniter\View\View->CodeIgniter\View\{closure}()
#1 C:\xampp\htdocs\CI_CastilloBrenda\system\Common.php(1089): CodeIgniter\View\View->render('carrito_view', Array, true)
#2 C:\xampp\htdocs\CI_CastilloBrenda\app\Controllers\CarritoController.php(21): view('carrito_view')
#3 C:\xampp\htdocs\CI_CastilloBrenda\system\CodeIgniter.php(832): App\Controllers\CarritoController->index()
#4 C:\xampp\htdocs\CI_CastilloBrenda\system\CodeIgniter.php(419): CodeIgniter\CodeIgniter->runController(Object(App\Controllers\CarritoController))
#5 C:\xampp\htdocs\CI_CastilloBrenda\system\CodeIgniter.php(326): CodeIgniter\CodeIgniter->handleRequest(NULL, Object(Config\Cache), false)
#6 C:\xampp\htdocs\CI_CastilloBrenda\index.php(37): CodeIgniter\CodeIgniter->run()
#7 {main}
CRITICAL - 2022-06-10 19:34:22 --> syntax error, unexpected ';'
#0 C:\xampp\htdocs\CI_CastilloBrenda\system\View\View.php(213): CodeIgniter\View\View->CodeIgniter\View\{closure}()
#1 C:\xampp\htdocs\CI_CastilloBrenda\system\Common.php(1089): CodeIgniter\View\View->render('carrito_view', Array, true)
#2 C:\xampp\htdocs\CI_CastilloBrenda\app\Controllers\CarritoController.php(21): view('carrito_view')
#3 C:\xampp\htdocs\CI_CastilloBrenda\system\CodeIgniter.php(832): App\Controllers\CarritoController->index()
#4 C:\xampp\htdocs\CI_CastilloBrenda\system\CodeIgniter.php(419): CodeIgniter\CodeIgniter->runController(Object(App\Controllers\CarritoController))
#5 C:\xampp\htdocs\CI_CastilloBrenda\system\CodeIgniter.php(326): CodeIgniter\CodeIgniter->handleRequest(NULL, Object(Config\Cache), false)
#6 C:\xampp\htdocs\CI_CastilloBrenda\index.php(37): CodeIgniter\CodeIgniter->run()
#7 {main}
CRITICAL - 2022-06-10 19:34:26 --> syntax error, unexpected ';'
#0 C:\xampp\htdocs\CI_CastilloBrenda\system\View\View.php(213): CodeIgniter\View\View->CodeIgniter\View\{closure}()
#1 C:\xampp\htdocs\CI_CastilloBrenda\system\Common.php(1089): CodeIgniter\View\View->render('carrito_view', Array, true)
#2 C:\xampp\htdocs\CI_CastilloBrenda\app\Controllers\CarritoController.php(21): view('carrito_view')
#3 C:\xampp\htdocs\CI_CastilloBrenda\system\CodeIgniter.php(832): App\Controllers\CarritoController->index()
#4 C:\xampp\htdocs\CI_CastilloBrenda\system\CodeIgniter.php(419): CodeIgniter\CodeIgniter->runController(Object(App\Controllers\CarritoController))
#5 C:\xampp\htdocs\CI_CastilloBrenda\system\CodeIgniter.php(326): CodeIgniter\CodeIgniter->handleRequest(NULL, Object(Config\Cache), false)
#6 C:\xampp\htdocs\CI_CastilloBrenda\index.php(37): CodeIgniter\CodeIgniter->run()
#7 {main}
CRITICAL - 2022-06-10 19:35:09 --> syntax error, unexpected ';'
#0 C:\xampp\htdocs\CI_CastilloBrenda\system\View\View.php(213): CodeIgniter\View\View->CodeIgniter\View\{closure}()
#1 C:\xampp\htdocs\CI_CastilloBrenda\system\Common.php(1089): CodeIgniter\View\View->render('carrito_view', Array, true)
#2 C:\xampp\htdocs\CI_CastilloBrenda\app\Controllers\CarritoController.php(21): view('carrito_view')
#3 C:\xampp\htdocs\CI_CastilloBrenda\system\CodeIgniter.php(832): App\Controllers\CarritoController->index()
#4 C:\xampp\htdocs\CI_CastilloBrenda\system\CodeIgniter.php(419): CodeIgniter\CodeIgniter->runController(Object(App\Controllers\CarritoController))
#5 C:\xampp\htdocs\CI_CastilloBrenda\system\CodeIgniter.php(326): CodeIgniter\CodeIgniter->handleRequest(NULL, Object(Config\Cache), false)
#6 C:\xampp\htdocs\CI_CastilloBrenda\index.php(37): CodeIgniter\CodeIgniter->run()
#7 {main}
CRITICAL - 2022-06-10 19:36:04 --> syntax error, unexpected ';'
#0 C:\xampp\htdocs\CI_CastilloBrenda\system\View\View.php(213): CodeIgniter\View\View->CodeIgniter\View\{closure}()
#1 C:\xampp\htdocs\CI_CastilloBrenda\system\Common.php(1089): CodeIgniter\View\View->render('carrito_view', Array, true)
#2 C:\xampp\htdocs\CI_CastilloBrenda\app\Controllers\CarritoController.php(21): view('carrito_view')
#3 C:\xampp\htdocs\CI_CastilloBrenda\system\CodeIgniter.php(832): App\Controllers\CarritoController->index()
#4 C:\xampp\htdocs\CI_CastilloBrenda\system\CodeIgniter.php(419): CodeIgniter\CodeIgniter->runController(Object(App\Controllers\CarritoController))
#5 C:\xampp\htdocs\CI_CastilloBrenda\system\CodeIgniter.php(326): CodeIgniter\CodeIgniter->handleRequest(NULL, Object(Config\Cache), false)
#6 C:\xampp\htdocs\CI_CastilloBrenda\index.php(37): CodeIgniter\CodeIgniter->run()
#7 {main}
CRITICAL - 2022-06-10 19:36:31 --> syntax error, unexpected ';'
#0 C:\xampp\htdocs\CI_CastilloBrenda\system\View\View.php(213): CodeIgniter\View\View->CodeIgniter\View\{closure}()
#1 C:\xampp\htdocs\CI_CastilloBrenda\system\Common.php(1089): CodeIgniter\View\View->render('carrito_view', Array, true)
#2 C:\xampp\htdocs\CI_CastilloBrenda\app\Controllers\CarritoController.php(21): view('carrito_view')
#3 C:\xampp\htdocs\CI_CastilloBrenda\system\CodeIgniter.php(832): App\Controllers\CarritoController->index()
#4 C:\xampp\htdocs\CI_CastilloBrenda\system\CodeIgniter.php(419): CodeIgniter\CodeIgniter->runController(Object(App\Controllers\CarritoController))
#5 C:\xampp\htdocs\CI_CastilloBrenda\system\CodeIgniter.php(326): CodeIgniter\CodeIgniter->handleRequest(NULL, Object(Config\Cache), false)
#6 C:\xampp\htdocs\CI_CastilloBrenda\index.php(37): CodeIgniter\CodeIgniter->run()
#7 {main}
CRITICAL - 2022-06-10 19:37:01 --> syntax error, unexpected ';'
#0 C:\xampp\htdocs\CI_CastilloBrenda\system\View\View.php(213): CodeIgniter\View\View->CodeIgniter\View\{closure}()
#1 C:\xampp\htdocs\CI_CastilloBrenda\system\Common.php(1089): CodeIgniter\View\View->render('carrito_view', Array, true)
#2 C:\xampp\htdocs\CI_CastilloBrenda\app\Controllers\CarritoController.php(21): view('carrito_view')
#3 C:\xampp\htdocs\CI_CastilloBrenda\system\CodeIgniter.php(832): App\Controllers\CarritoController->index()
#4 C:\xampp\htdocs\CI_CastilloBrenda\system\CodeIgniter.php(419): CodeIgniter\CodeIgniter->runController(Object(App\Controllers\CarritoController))
#5 C:\xampp\htdocs\CI_CastilloBrenda\system\CodeIgniter.php(326): CodeIgniter\CodeIgniter->handleRequest(NULL, Object(Config\Cache), false)
#6 C:\xampp\htdocs\CI_CastilloBrenda\index.php(37): CodeIgniter\CodeIgniter->run()
#7 {main}
CRITICAL - 2022-06-10 19:39:12 --> syntax error, unexpected ';', expecting ')'
#0 C:\xampp\htdocs\CI_CastilloBrenda\system\View\View.php(213): CodeIgniter\View\View->CodeIgniter\View\{closure}()
#1 C:\xampp\htdocs\CI_CastilloBrenda\system\Common.php(1089): CodeIgniter\View\View->render('carrito_view', Array, true)
#2 C:\xampp\htdocs\CI_CastilloBrenda\app\Controllers\CarritoController.php(21): view('carrito_view')
#3 C:\xampp\htdocs\CI_CastilloBrenda\system\CodeIgniter.php(832): App\Controllers\CarritoController->index()
#4 C:\xampp\htdocs\CI_CastilloBrenda\system\CodeIgniter.php(419): CodeIgniter\CodeIgniter->runController(Object(App\Controllers\CarritoController))
#5 C:\xampp\htdocs\CI_CastilloBrenda\system\CodeIgniter.php(326): CodeIgniter\CodeIgniter->handleRequest(NULL, Object(Config\Cache), false)
#6 C:\xampp\htdocs\CI_CastilloBrenda\index.php(37): CodeIgniter\CodeIgniter->run()
#7 {main}
CRITICAL - 2022-06-10 20:06:22 --> Undefined variable: producto
#0 C:\xampp\htdocs\CI_CastilloBrenda\app\Controllers\ProductoController.php(151): CodeIgniter\Debug\Exceptions->errorHandler(8, 'Undefined varia...', 'C:\\xampp\\htdocs...', 151, Array)
#1 C:\xampp\htdocs\CI_CastilloBrenda\system\CodeIgniter.php(832): App\Controllers\ProductoController->actualizar_producto()
#2 C:\xampp\htdocs\CI_CastilloBrenda\system\CodeIgniter.php(419): CodeIgniter\CodeIgniter->runController(Object(App\Controllers\ProductoController))
#3 C:\xampp\htdocs\CI_CastilloBrenda\system\CodeIgniter.php(326): CodeIgniter\CodeIgniter->handleRequest(NULL, Object(Config\Cache), false)
#4 C:\xampp\htdocs\CI_CastilloBrenda\index.php(37): CodeIgniter\CodeIgniter->run()
#5 {main}
CRITICAL - 2022-06-10 20:12:35 --> Undefined variable: producto
#0 C:\xampp\htdocs\CI_CastilloBrenda\app\Controllers\ProductoController.php(158): CodeIgniter\Debug\Exceptions->errorHandler(8, 'Undefined varia...', 'C:\\xampp\\htdocs...', 158, Array)
#1 C:\xampp\htdocs\CI_CastilloBrenda\system\CodeIgniter.php(832): App\Controllers\ProductoController->actualizar_producto()
#2 C:\xampp\htdocs\CI_CastilloBrenda\system\CodeIgniter.php(419): CodeIgniter\CodeIgniter->runController(Object(App\Controllers\ProductoController))
#3 C:\xampp\htdocs\CI_CastilloBrenda\system\CodeIgniter.php(326): CodeIgniter\CodeIgniter->handleRequest(NULL, Object(Config\Cache), false)
#4 C:\xampp\htdocs\CI_CastilloBrenda\index.php(37): CodeIgniter\CodeIgniter->run()
#5 {main}
