CRITICAL - 2022-05-26 08:38:02 --> natural is not a valid rule.
#0 C:\xampp\htdocs\CI_CastilloBrenda\system\Validation\Validation.php(300): CodeIgniter\Validation\Exceptions\ValidationException::forRuleNotFound('natural')
#1 C:\xampp\htdocs\CI_CastilloBrenda\system\Validation\Validation.php(157): CodeIgniter\Validation\Validation->processRules('precio', 'precio', '-8', Array, Array)
#2 C:\xampp\htdocs\CI_CastilloBrenda\system\Controller.php(160): CodeIgniter\Validation\Validation->run()
#3 C:\xampp\htdocs\CI_CastilloBrenda\app\Controllers\ProductoController.php(31): CodeIgniter\Controller->validate(Array)
#4 C:\xampp\htdocs\CI_CastilloBrenda\system\CodeIgniter.php(832): App\Controllers\ProductoController->f_agregar_producto()
#5 C:\xampp\htdocs\CI_CastilloBrenda\system\CodeIgniter.php(419): CodeIgniter\CodeIgniter->runController(Object(App\Controllers\ProductoController))
#6 C:\xampp\htdocs\CI_CastilloBrenda\system\CodeIgniter.php(326): CodeIgniter\CodeIgniter->handleRequest(NULL, Object(Config\Cache), false)
#7 C:\xampp\htdocs\CI_CastilloBrenda\index.php(37): CodeIgniter\CodeIgniter->run()
#8 {main}
ERROR - 2022-05-26 08:48:27 --> Cannot add or update a child row: a foreign key constraint fails (`bd_castillonahir`.`producto`, CONSTRAINT `producto_ibfk_1` FOREIGN KEY (`categoria_id`) REFERENCES `producto_categoria` (`id_categoria`))
CRITICAL - 2022-05-26 08:48:27 --> Cannot add or update a child row: a foreign key constraint fails (`bd_castillonahir`.`producto`, CONSTRAINT `producto_ibfk_1` FOREIGN KEY (`categoria_id`) REFERENCES `producto_categoria` (`id_categoria`))
#0 C:\xampp\htdocs\CI_CastilloBrenda\system\Database\MySQLi\Connection.php(292): mysqli->query('INSERT INTO `pr...', 0)
#1 C:\xampp\htdocs\CI_CastilloBrenda\system\Database\BaseConnection.php(670): CodeIgniter\Database\MySQLi\Connection->execute('INSERT INTO `pr...')
#2 C:\xampp\htdocs\CI_CastilloBrenda\system\Database\BaseConnection.php(598): CodeIgniter\Database\BaseConnection->simpleQuery('INSERT INTO `pr...')
#3 C:\xampp\htdocs\CI_CastilloBrenda\system\Database\BaseBuilder.php(1771): CodeIgniter\Database\BaseConnection->query('INSERT INTO `pr...', Array, false)
#4 C:\xampp\htdocs\CI_CastilloBrenda\system\Model.php(239): CodeIgniter\Database\BaseBuilder->insert()
#5 C:\xampp\htdocs\CI_CastilloBrenda\system\BaseModel.php(738): CodeIgniter\Model->doInsert(Array)
#6 C:\xampp\htdocs\CI_CastilloBrenda\system\Model.php(625): CodeIgniter\BaseModel->insert(Array, true)
#7 C:\xampp\htdocs\CI_CastilloBrenda\app\Controllers\ProductoController.php(41): CodeIgniter\Model->insert(Array)
#8 C:\xampp\htdocs\CI_CastilloBrenda\system\CodeIgniter.php(832): App\Controllers\ProductoController->f_agregar_producto()
#9 C:\xampp\htdocs\CI_CastilloBrenda\system\CodeIgniter.php(419): CodeIgniter\CodeIgniter->runController(Object(App\Controllers\ProductoController))
#10 C:\xampp\htdocs\CI_CastilloBrenda\system\CodeIgniter.php(326): CodeIgniter\CodeIgniter->handleRequest(NULL, Object(Config\Cache), false)
#11 C:\xampp\htdocs\CI_CastilloBrenda\index.php(37): CodeIgniter\CodeIgniter->run()
#12 {main}
ERROR - 2022-05-26 09:10:33 --> Cannot add or update a child row: a foreign key constraint fails (`bd_castillonahir`.`producto`, CONSTRAINT `producto_ibfk_1` FOREIGN KEY (`categoria_id`) REFERENCES `producto_categoria` (`id_categoria`))
CRITICAL - 2022-05-26 09:10:33 --> Cannot add or update a child row: a foreign key constraint fails (`bd_castillonahir`.`producto`, CONSTRAINT `producto_ibfk_1` FOREIGN KEY (`categoria_id`) REFERENCES `producto_categoria` (`id_categoria`))
#0 C:\xampp\htdocs\CI_CastilloBrenda\system\Database\MySQLi\Connection.php(292): mysqli->query('INSERT INTO `pr...', 0)
#1 C:\xampp\htdocs\CI_CastilloBrenda\system\Database\BaseConnection.php(670): CodeIgniter\Database\MySQLi\Connection->execute('INSERT INTO `pr...')
#2 C:\xampp\htdocs\CI_CastilloBrenda\system\Database\BaseConnection.php(598): CodeIgniter\Database\BaseConnection->simpleQuery('INSERT INTO `pr...')
#3 C:\xampp\htdocs\CI_CastilloBrenda\system\Database\BaseBuilder.php(1771): CodeIgniter\Database\BaseConnection->query('INSERT INTO `pr...', Array, false)
#4 C:\xampp\htdocs\CI_CastilloBrenda\system\Model.php(239): CodeIgniter\Database\BaseBuilder->insert()
#5 C:\xampp\htdocs\CI_CastilloBrenda\system\BaseModel.php(738): CodeIgniter\Model->doInsert(Array)
#6 C:\xampp\htdocs\CI_CastilloBrenda\system\Model.php(625): CodeIgniter\BaseModel->insert(Array, true)
#7 C:\xampp\htdocs\CI_CastilloBrenda\app\Controllers\ProductoController.php(42): CodeIgniter\Model->insert(Array)
#8 C:\xampp\htdocs\CI_CastilloBrenda\system\CodeIgniter.php(832): App\Controllers\ProductoController->f_agregar_producto()
#9 C:\xampp\htdocs\CI_CastilloBrenda\system\CodeIgniter.php(419): CodeIgniter\CodeIgniter->runController(Object(App\Controllers\ProductoController))
#10 C:\xampp\htdocs\CI_CastilloBrenda\system\CodeIgniter.php(326): CodeIgniter\CodeIgniter->handleRequest(NULL, Object(Config\Cache), false)
#11 C:\xampp\htdocs\CI_CastilloBrenda\index.php(37): CodeIgniter\CodeIgniter->run()
#12 {main}
