CRITICAL - 2022-05-25 16:00:30 --> Undefined variable: password_verify
#0 C:\xampp\htdocs\CI_CastilloBrenda\app\Controllers\ClienteController.php(163): CodeIgniter\Debug\Exceptions->errorHandler(8, 'Undefined varia...', 'C:\\xampp\\htdocs...', 163, Array)
#1 C:\xampp\htdocs\CI_CastilloBrenda\system\CodeIgniter.php(832): App\Controllers\ClienteController->f_iniciar_cliente()
#2 C:\xampp\htdocs\CI_CastilloBrenda\system\CodeIgniter.php(419): CodeIgniter\CodeIgniter->runController(Object(App\Controllers\ClienteController))
#3 C:\xampp\htdocs\CI_CastilloBrenda\system\CodeIgniter.php(326): CodeIgniter\CodeIgniter->handleRequest(NULL, Object(Config\Cache), false)
#4 C:\xampp\htdocs\CI_CastilloBrenda\index.php(37): CodeIgniter\CodeIgniter->run()
#5 {main}
CRITICAL - 2022-05-25 16:35:19 --> Undefined variable: password_verify
#0 C:\xampp\htdocs\CI_CastilloBrenda\app\Controllers\ClienteController.php(163): CodeIgniter\Debug\Exceptions->errorHandler(8, 'Undefined varia...', 'C:\\xampp\\htdocs...', 163, Array)
#1 C:\xampp\htdocs\CI_CastilloBrenda\system\CodeIgniter.php(832): App\Controllers\ClienteController->f_iniciar_cliente()
#2 C:\xampp\htdocs\CI_CastilloBrenda\system\CodeIgniter.php(419): CodeIgniter\CodeIgniter->runController(Object(App\Controllers\ClienteController))
#3 C:\xampp\htdocs\CI_CastilloBrenda\system\CodeIgniter.php(326): CodeIgniter\CodeIgniter->handleRequest(NULL, Object(Config\Cache), false)
#4 C:\xampp\htdocs\CI_CastilloBrenda\index.php(37): CodeIgniter\CodeIgniter->run()
#5 {main}
CRITICAL - 2022-05-25 16:41:27 --> syntax error, unexpected ''---'' (T_CONSTANT_ENCAPSED_STRING)
#0 C:\xampp\htdocs\CI_CastilloBrenda\system\Autoloader\Autoloader.php(241): CodeIgniter\Autoloader\Autoloader->includeFile('C:\\xampp\\htdocs...')
#1 C:\xampp\htdocs\CI_CastilloBrenda\system\Autoloader\Autoloader.php(219): CodeIgniter\Autoloader\Autoloader->loadInNamespace('App\\Controllers...')
#2 [internal function]: CodeIgniter\Autoloader\Autoloader->loadClass('App\\Controllers...')
#3 [internal function]: spl_autoload_call('App\\Controllers...')
#4 C:\xampp\htdocs\CI_CastilloBrenda\system\CodeIgniter.php(797): class_exists('\\App\\Controller...', true)
#5 C:\xampp\htdocs\CI_CastilloBrenda\system\CodeIgniter.php(406): CodeIgniter\CodeIgniter->startController()
#6 C:\xampp\htdocs\CI_CastilloBrenda\system\CodeIgniter.php(326): CodeIgniter\CodeIgniter->handleRequest(NULL, Object(Config\Cache), false)
#7 C:\xampp\htdocs\CI_CastilloBrenda\index.php(37): CodeIgniter\CodeIgniter->run()
#8 {main}
CRITICAL - 2022-05-25 16:44:53 --> syntax error, unexpected '}', expecting ';'
#0 C:\xampp\htdocs\CI_CastilloBrenda\system\Autoloader\Autoloader.php(241): CodeIgniter\Autoloader\Autoloader->includeFile('C:\\xampp\\htdocs...')
#1 C:\xampp\htdocs\CI_CastilloBrenda\system\Autoloader\Autoloader.php(219): CodeIgniter\Autoloader\Autoloader->loadInNamespace('App\\Controllers...')
#2 [internal function]: CodeIgniter\Autoloader\Autoloader->loadClass('App\\Controllers...')
#3 [internal function]: spl_autoload_call('App\\Controllers...')
#4 C:\xampp\htdocs\CI_CastilloBrenda\system\CodeIgniter.php(797): class_exists('\\App\\Controller...', true)
#5 C:\xampp\htdocs\CI_CastilloBrenda\system\CodeIgniter.php(406): CodeIgniter\CodeIgniter->startController()
#6 C:\xampp\htdocs\CI_CastilloBrenda\system\CodeIgniter.php(326): CodeIgniter\CodeIgniter->handleRequest(NULL, Object(Config\Cache), false)
#7 C:\xampp\htdocs\CI_CastilloBrenda\index.php(37): CodeIgniter\CodeIgniter->run()
#8 {main}
CRITICAL - 2022-05-25 16:45:51 --> syntax error, unexpected '}', expecting ';'
#0 C:\xampp\htdocs\CI_CastilloBrenda\system\Autoloader\Autoloader.php(241): CodeIgniter\Autoloader\Autoloader->includeFile('C:\\xampp\\htdocs...')
#1 C:\xampp\htdocs\CI_CastilloBrenda\system\Autoloader\Autoloader.php(219): CodeIgniter\Autoloader\Autoloader->loadInNamespace('App\\Controllers...')
#2 [internal function]: CodeIgniter\Autoloader\Autoloader->loadClass('App\\Controllers...')
#3 [internal function]: spl_autoload_call('App\\Controllers...')
#4 C:\xampp\htdocs\CI_CastilloBrenda\system\CodeIgniter.php(797): class_exists('\\App\\Controller...', true)
#5 C:\xampp\htdocs\CI_CastilloBrenda\system\CodeIgniter.php(406): CodeIgniter\CodeIgniter->startController()
#6 C:\xampp\htdocs\CI_CastilloBrenda\system\CodeIgniter.php(326): CodeIgniter\CodeIgniter->handleRequest(NULL, Object(Config\Cache), false)
#7 C:\xampp\htdocs\CI_CastilloBrenda\index.php(37): CodeIgniter\CodeIgniter->run()
#8 {main}
CRITICAL - 2022-05-25 16:48:31 -->  route cannot be found while reverse-routing.
#0 C:\xampp\htdocs\CI_CastilloBrenda\system\HTTP\RedirectResponse.php(56): CodeIgniter\HTTP\Exceptions\HTTPException::forInvalidRedirectRoute('')
#1 C:\xampp\htdocs\CI_CastilloBrenda\app\Controllers\ClienteController.php(188): CodeIgniter\HTTP\RedirectResponse->route(false)
#2 C:\xampp\htdocs\CI_CastilloBrenda\system\CodeIgniter.php(832): App\Controllers\ClienteController->f_iniciar_cliente()
#3 C:\xampp\htdocs\CI_CastilloBrenda\system\CodeIgniter.php(419): CodeIgniter\CodeIgniter->runController(Object(App\Controllers\ClienteController))
#4 C:\xampp\htdocs\CI_CastilloBrenda\system\CodeIgniter.php(326): CodeIgniter\CodeIgniter->handleRequest(NULL, Object(Config\Cache), false)
#5 C:\xampp\htdocs\CI_CastilloBrenda\index.php(37): CodeIgniter\CodeIgniter->run()
#6 {main}
CRITICAL - 2022-05-25 16:55:32 -->  route cannot be found while reverse-routing.
#0 C:\xampp\htdocs\CI_CastilloBrenda\system\HTTP\RedirectResponse.php(56): CodeIgniter\HTTP\Exceptions\HTTPException::forInvalidRedirectRoute('')
#1 C:\xampp\htdocs\CI_CastilloBrenda\app\Controllers\ClienteController.php(188): CodeIgniter\HTTP\RedirectResponse->route(false)
#2 C:\xampp\htdocs\CI_CastilloBrenda\system\CodeIgniter.php(832): App\Controllers\ClienteController->f_iniciar_cliente()
#3 C:\xampp\htdocs\CI_CastilloBrenda\system\CodeIgniter.php(419): CodeIgniter\CodeIgniter->runController(Object(App\Controllers\ClienteController))
#4 C:\xampp\htdocs\CI_CastilloBrenda\system\CodeIgniter.php(326): CodeIgniter\CodeIgniter->handleRequest(NULL, Object(Config\Cache), false)
#5 C:\xampp\htdocs\CI_CastilloBrenda\index.php(37): CodeIgniter\CodeIgniter->run()
#6 {main}
CRITICAL - 2022-05-25 18:43:42 --> Undefined variable: categorias
#0 C:\xampp\htdocs\CI_CastilloBrenda\app\Views\producto\agregar.php(50): CodeIgniter\Debug\Exceptions->errorHandler(8, 'Undefined varia...', 'C:\\xampp\\htdocs...', 50, Array)
#1 C:\xampp\htdocs\CI_CastilloBrenda\system\View\View.php(210): include('C:\\xampp\\htdocs...')
#2 C:\xampp\htdocs\CI_CastilloBrenda\system\View\View.php(213): CodeIgniter\View\View->CodeIgniter\View\{closure}()
#3 C:\xampp\htdocs\CI_CastilloBrenda\system\Common.php(1089): CodeIgniter\View\View->render('producto/agrega...', Array, true)
#4 C:\xampp\htdocs\CI_CastilloBrenda\app\Controllers\ProductoController.php(13): view('producto/agrega...')
#5 C:\xampp\htdocs\CI_CastilloBrenda\system\CodeIgniter.php(832): App\Controllers\ProductoController->f_agregar()
#6 C:\xampp\htdocs\CI_CastilloBrenda\system\CodeIgniter.php(419): CodeIgniter\CodeIgniter->runController(Object(App\Controllers\ProductoController))
#7 C:\xampp\htdocs\CI_CastilloBrenda\system\CodeIgniter.php(326): CodeIgniter\CodeIgniter->handleRequest(NULL, Object(Config\Cache), false)
#8 C:\xampp\htdocs\CI_CastilloBrenda\index.php(37): CodeIgniter\CodeIgniter->run()
#9 {main}
