CRITICAL - 2022-06-13 22:25:06 --> Undefined property: CodeIgniter\Router\Router::$load
#0 C:\xampp\htdocs\CI_CastilloBrenda\app\Controllers\CarritoController.php(7): CodeIgniter\Debug\Exceptions->errorHandler(8, 'Undefined prope...', 'C:\\xampp\\htdocs...', 7, Array)
#1 C:\xampp\htdocs\CI_CastilloBrenda\system\Router\Router.php(518): include_once('C:\\xampp\\htdocs...')
#2 C:\xampp\htdocs\CI_CastilloBrenda\system\Router\Router.php(175): CodeIgniter\Router\Router->autoRoute('CarritoControll...')
#3 C:\xampp\htdocs\CI_CastilloBrenda\system\CodeIgniter.php(726): CodeIgniter\Router\Router->handle('CarritoControll...')
#4 C:\xampp\htdocs\CI_CastilloBrenda\system\CodeIgniter.php(368): CodeIgniter\CodeIgniter->tryToRouteIt(Object(CodeIgniter\Router\RouteCollection))
#5 C:\xampp\htdocs\CI_CastilloBrenda\system\CodeIgniter.php(326): CodeIgniter\CodeIgniter->handleRequest(NULL, Object(Config\Cache), false)
#6 C:\xampp\htdocs\CI_CastilloBrenda\index.php(37): CodeIgniter\CodeIgniter->run()
#7 {main}
CRITICAL - 2022-06-13 22:26:16 --> syntax error, unexpected '(', expecting identifier (T_STRING) or variable (T_VARIABLE) or '{' or '$'
#0 C:\xampp\htdocs\CI_CastilloBrenda\system\Router\Router.php(175): CodeIgniter\Router\Router->autoRoute('VentaController...')
#1 C:\xampp\htdocs\CI_CastilloBrenda\system\CodeIgniter.php(726): CodeIgniter\Router\Router->handle('VentaController...')
#2 C:\xampp\htdocs\CI_CastilloBrenda\system\CodeIgniter.php(368): CodeIgniter\CodeIgniter->tryToRouteIt(Object(CodeIgniter\Router\RouteCollection))
#3 C:\xampp\htdocs\CI_CastilloBrenda\system\CodeIgniter.php(326): CodeIgniter\CodeIgniter->handleRequest(NULL, Object(Config\Cache), false)
#4 C:\xampp\htdocs\CI_CastilloBrenda\index.php(37): CodeIgniter\CodeIgniter->run()
#5 {main}
CRITICAL - 2022-06-13 22:27:22 --> syntax error, unexpected '(', expecting identifier (T_STRING) or variable (T_VARIABLE) or '{' or '$'
#0 C:\xampp\htdocs\CI_CastilloBrenda\system\Router\Router.php(175): CodeIgniter\Router\Router->autoRoute('VentaController...')
#1 C:\xampp\htdocs\CI_CastilloBrenda\system\CodeIgniter.php(726): CodeIgniter\Router\Router->handle('VentaController...')
#2 C:\xampp\htdocs\CI_CastilloBrenda\system\CodeIgniter.php(368): CodeIgniter\CodeIgniter->tryToRouteIt(Object(CodeIgniter\Router\RouteCollection))
#3 C:\xampp\htdocs\CI_CastilloBrenda\system\CodeIgniter.php(326): CodeIgniter\CodeIgniter->handleRequest(NULL, Object(Config\Cache), false)
#4 C:\xampp\htdocs\CI_CastilloBrenda\index.php(37): CodeIgniter\CodeIgniter->run()
#5 {main}
CRITICAL - 2022-06-13 22:28:08 --> Class 'App\Controllers\DetalleVentaModel' not found
#0 C:\xampp\htdocs\CI_CastilloBrenda\system\CodeIgniter.php(832): App\Controllers\VentaController->realizar_pedido()
#1 C:\xampp\htdocs\CI_CastilloBrenda\system\CodeIgniter.php(419): CodeIgniter\CodeIgniter->runController(Object(App\Controllers\VentaController))
#2 C:\xampp\htdocs\CI_CastilloBrenda\system\CodeIgniter.php(326): CodeIgniter\CodeIgniter->handleRequest(NULL, Object(Config\Cache), false)
#3 C:\xampp\htdocs\CI_CastilloBrenda\index.php(37): CodeIgniter\CodeIgniter->run()
#4 {main}
ERROR - 2022-06-13 22:29:59 --> Cannot add or update a child row: a foreign key constraint fails (`bd_castillonahir`.`detalle_venta`, CONSTRAINT `detalle_venta_ibfk_1` FOREIGN KEY (`id_venta`) REFERENCES `venta` (`venta_id`))
CRITICAL - 2022-06-13 22:29:59 --> Cannot add or update a child row: a foreign key constraint fails (`bd_castillonahir`.`detalle_venta`, CONSTRAINT `detalle_venta_ibfk_1` FOREIGN KEY (`id_venta`) REFERENCES `venta` (`venta_id`))
#0 C:\xampp\htdocs\CI_CastilloBrenda\system\Database\MySQLi\Connection.php(292): mysqli->query('INSERT INTO `de...', 0)
#1 C:\xampp\htdocs\CI_CastilloBrenda\system\Database\BaseConnection.php(670): CodeIgniter\Database\MySQLi\Connection->execute('INSERT INTO `de...')
#2 C:\xampp\htdocs\CI_CastilloBrenda\system\Database\BaseConnection.php(598): CodeIgniter\Database\BaseConnection->simpleQuery('INSERT INTO `de...')
#3 C:\xampp\htdocs\CI_CastilloBrenda\system\Database\BaseBuilder.php(1771): CodeIgniter\Database\BaseConnection->query('INSERT INTO `de...', Array, false)
#4 C:\xampp\htdocs\CI_CastilloBrenda\system\Model.php(239): CodeIgniter\Database\BaseBuilder->insert()
#5 C:\xampp\htdocs\CI_CastilloBrenda\system\BaseModel.php(738): CodeIgniter\Model->doInsert(Array)
#6 C:\xampp\htdocs\CI_CastilloBrenda\system\Model.php(625): CodeIgniter\BaseModel->insert(Array, true)
#7 C:\xampp\htdocs\CI_CastilloBrenda\app\Controllers\VentaController.php(38): CodeIgniter\Model->insert(Array)
#8 C:\xampp\htdocs\CI_CastilloBrenda\system\CodeIgniter.php(832): App\Controllers\VentaController->realizar_pedido()
#9 C:\xampp\htdocs\CI_CastilloBrenda\system\CodeIgniter.php(419): CodeIgniter\CodeIgniter->runController(Object(App\Controllers\VentaController))
#10 C:\xampp\htdocs\CI_CastilloBrenda\system\CodeIgniter.php(326): CodeIgniter\CodeIgniter->handleRequest(NULL, Object(Config\Cache), false)
#11 C:\xampp\htdocs\CI_CastilloBrenda\index.php(37): CodeIgniter\CodeIgniter->run()
#12 {main}
ERROR - 2022-06-13 22:37:34 --> Cannot add or update a child row: a foreign key constraint fails (`bd_castillonahir`.`detalle_venta`, CONSTRAINT `detalle_venta_ibfk_1` FOREIGN KEY (`id_venta`) REFERENCES `venta` (`venta_id`))
CRITICAL - 2022-06-13 22:37:34 --> Cannot add or update a child row: a foreign key constraint fails (`bd_castillonahir`.`detalle_venta`, CONSTRAINT `detalle_venta_ibfk_1` FOREIGN KEY (`id_venta`) REFERENCES `venta` (`venta_id`))
#0 C:\xampp\htdocs\CI_CastilloBrenda\system\Database\MySQLi\Connection.php(292): mysqli->query('INSERT INTO `de...', 0)
#1 C:\xampp\htdocs\CI_CastilloBrenda\system\Database\BaseConnection.php(670): CodeIgniter\Database\MySQLi\Connection->execute('INSERT INTO `de...')
#2 C:\xampp\htdocs\CI_CastilloBrenda\system\Database\BaseConnection.php(598): CodeIgniter\Database\BaseConnection->simpleQuery('INSERT INTO `de...')
#3 C:\xampp\htdocs\CI_CastilloBrenda\system\Database\BaseBuilder.php(1771): CodeIgniter\Database\BaseConnection->query('INSERT INTO `de...', Array, false)
#4 C:\xampp\htdocs\CI_CastilloBrenda\system\Model.php(239): CodeIgniter\Database\BaseBuilder->insert()
#5 C:\xampp\htdocs\CI_CastilloBrenda\system\BaseModel.php(738): CodeIgniter\Model->doInsert(Array)
#6 C:\xampp\htdocs\CI_CastilloBrenda\system\Model.php(625): CodeIgniter\BaseModel->insert(Array, true)
#7 C:\xampp\htdocs\CI_CastilloBrenda\app\Controllers\VentaController.php(35): CodeIgniter\Model->insert(Array)
#8 C:\xampp\htdocs\CI_CastilloBrenda\system\CodeIgniter.php(832): App\Controllers\VentaController->realizar_pedido()
#9 C:\xampp\htdocs\CI_CastilloBrenda\system\CodeIgniter.php(419): CodeIgniter\CodeIgniter->runController(Object(App\Controllers\VentaController))
#10 C:\xampp\htdocs\CI_CastilloBrenda\system\CodeIgniter.php(326): CodeIgniter\CodeIgniter->handleRequest(NULL, Object(Config\Cache), false)
#11 C:\xampp\htdocs\CI_CastilloBrenda\index.php(37): CodeIgniter\CodeIgniter->run()
#12 {main}
CRITICAL - 2022-06-13 22:48:14 --> syntax error, unexpected 'endforeach' (T_ENDFOREACH)
#0 C:\xampp\htdocs\CI_CastilloBrenda\system\Router\Router.php(175): CodeIgniter\Router\Router->autoRoute('VentaController...')
#1 C:\xampp\htdocs\CI_CastilloBrenda\system\CodeIgniter.php(726): CodeIgniter\Router\Router->handle('VentaController...')
#2 C:\xampp\htdocs\CI_CastilloBrenda\system\CodeIgniter.php(368): CodeIgniter\CodeIgniter->tryToRouteIt(Object(CodeIgniter\Router\RouteCollection))
#3 C:\xampp\htdocs\CI_CastilloBrenda\system\CodeIgniter.php(326): CodeIgniter\CodeIgniter->handleRequest(NULL, Object(Config\Cache), false)
#4 C:\xampp\htdocs\CI_CastilloBrenda\index.php(37): CodeIgniter\CodeIgniter->run()
#5 {main}
ERROR - 2022-06-13 22:48:28 --> Cannot add or update a child row: a foreign key constraint fails (`bd_castillonahir`.`detalle_venta`, CONSTRAINT `detalle_venta_ibfk_1` FOREIGN KEY (`id_venta`) REFERENCES `venta` (`venta_id`))
CRITICAL - 2022-06-13 22:48:28 --> Cannot add or update a child row: a foreign key constraint fails (`bd_castillonahir`.`detalle_venta`, CONSTRAINT `detalle_venta_ibfk_1` FOREIGN KEY (`id_venta`) REFERENCES `venta` (`venta_id`))
#0 C:\xampp\htdocs\CI_CastilloBrenda\system\Database\MySQLi\Connection.php(292): mysqli->query('INSERT INTO `de...', 0)
#1 C:\xampp\htdocs\CI_CastilloBrenda\system\Database\BaseConnection.php(670): CodeIgniter\Database\MySQLi\Connection->execute('INSERT INTO `de...')
#2 C:\xampp\htdocs\CI_CastilloBrenda\system\Database\BaseConnection.php(598): CodeIgniter\Database\BaseConnection->simpleQuery('INSERT INTO `de...')
#3 C:\xampp\htdocs\CI_CastilloBrenda\system\Database\BaseBuilder.php(1771): CodeIgniter\Database\BaseConnection->query('INSERT INTO `de...', Array, false)
#4 C:\xampp\htdocs\CI_CastilloBrenda\system\Model.php(239): CodeIgniter\Database\BaseBuilder->insert()
#5 C:\xampp\htdocs\CI_CastilloBrenda\system\BaseModel.php(738): CodeIgniter\Model->doInsert(Array)
#6 C:\xampp\htdocs\CI_CastilloBrenda\system\Model.php(625): CodeIgniter\BaseModel->insert(Array, true)
#7 C:\xampp\htdocs\CI_CastilloBrenda\app\Controllers\VentaController.php(40): CodeIgniter\Model->insert(Array)
#8 C:\xampp\htdocs\CI_CastilloBrenda\system\CodeIgniter.php(832): App\Controllers\VentaController->realizar_pedido()
#9 C:\xampp\htdocs\CI_CastilloBrenda\system\CodeIgniter.php(419): CodeIgniter\CodeIgniter->runController(Object(App\Controllers\VentaController))
#10 C:\xampp\htdocs\CI_CastilloBrenda\system\CodeIgniter.php(326): CodeIgniter\CodeIgniter->handleRequest(NULL, Object(Config\Cache), false)
#11 C:\xampp\htdocs\CI_CastilloBrenda\index.php(37): CodeIgniter\CodeIgniter->run()
#12 {main}
