CRITICAL - 2022-04-13 23:04:55 --> Invalid file: quienesSomos_view.php
#0 C:\xampp\htdocs\CI_CastilloBrenda\system\View\View.php(198): CodeIgniter\Exceptions\FrameworkException::forInvalidFile('quienesSomos_vi...')
#1 C:\xampp\htdocs\CI_CastilloBrenda\system\Common.php(1089): CodeIgniter\View\View->render('quienesSomos_vi...', Array, true)
#2 C:\xampp\htdocs\CI_CastilloBrenda\app\Controllers\Home.php(9): view('quienesSomos_vi...')
#3 C:\xampp\htdocs\CI_CastilloBrenda\system\CodeIgniter.php(832): App\Controllers\Home->index()
#4 C:\xampp\htdocs\CI_CastilloBrenda\system\CodeIgniter.php(419): CodeIgniter\CodeIgniter->runController(Object(App\Controllers\Home))
#5 C:\xampp\htdocs\CI_CastilloBrenda\system\CodeIgniter.php(326): CodeIgniter\CodeIgniter->handleRequest(NULL, Object(Config\Cache), false)
#6 C:\xampp\htdocs\CI_CastilloBrenda\index.php(37): CodeIgniter\CodeIgniter->run()
#7 {main}
CRITICAL - 2022-04-13 23:05:59 --> Invalid file: quienesSomos_view.php
#0 C:\xampp\htdocs\CI_CastilloBrenda\system\View\View.php(198): CodeIgniter\Exceptions\FrameworkException::forInvalidFile('quienesSomos_vi...')
#1 C:\xampp\htdocs\CI_CastilloBrenda\system\Common.php(1089): CodeIgniter\View\View->render('quienesSomos_vi...', Array, true)
#2 C:\xampp\htdocs\CI_CastilloBrenda\app\Controllers\Home.php(9): view('quienesSomos_vi...')
#3 C:\xampp\htdocs\CI_CastilloBrenda\system\CodeIgniter.php(832): App\Controllers\Home->index()
#4 C:\xampp\htdocs\CI_CastilloBrenda\system\CodeIgniter.php(419): CodeIgniter\CodeIgniter->runController(Object(App\Controllers\Home))
#5 C:\xampp\htdocs\CI_CastilloBrenda\system\CodeIgniter.php(326): CodeIgniter\CodeIgniter->handleRequest(NULL, Object(Config\Cache), false)
#6 C:\xampp\htdocs\CI_CastilloBrenda\index.php(37): CodeIgniter\CodeIgniter->run()
#7 {main}
CRITICAL - 2022-04-13 23:06:03 --> Invalid file: quienesSomos_view.php
#0 C:\xampp\htdocs\CI_CastilloBrenda\system\View\View.php(198): CodeIgniter\Exceptions\FrameworkException::forInvalidFile('quienesSomos_vi...')
#1 C:\xampp\htdocs\CI_CastilloBrenda\system\Common.php(1089): CodeIgniter\View\View->render('quienesSomos_vi...', Array, true)
#2 C:\xampp\htdocs\CI_CastilloBrenda\app\Controllers\Home.php(9): view('quienesSomos_vi...')
#3 C:\xampp\htdocs\CI_CastilloBrenda\system\CodeIgniter.php(832): App\Controllers\Home->index()
#4 C:\xampp\htdocs\CI_CastilloBrenda\system\CodeIgniter.php(419): CodeIgniter\CodeIgniter->runController(Object(App\Controllers\Home))
#5 C:\xampp\htdocs\CI_CastilloBrenda\system\CodeIgniter.php(326): CodeIgniter\CodeIgniter->handleRequest(NULL, Object(Config\Cache), false)
#6 C:\xampp\htdocs\CI_CastilloBrenda\index.php(37): CodeIgniter\CodeIgniter->run()
#7 {main}
CRITICAL - 2022-04-13 23:10:34 --> Invalid file: quienesSomos_view.php
#0 C:\xampp\htdocs\CI_CastilloBrenda\system\View\View.php(198): CodeIgniter\Exceptions\FrameworkException::forInvalidFile('quienesSomos_vi...')
#1 C:\xampp\htdocs\CI_CastilloBrenda\system\Common.php(1089): CodeIgniter\View\View->render('quienesSomos_vi...', Array, true)
#2 C:\xampp\htdocs\CI_CastilloBrenda\app\Controllers\Home.php(14): view('quienesSomos_vi...')
#3 C:\xampp\htdocs\CI_CastilloBrenda\system\CodeIgniter.php(832): App\Controllers\Home->quienes_somos()
#4 C:\xampp\htdocs\CI_CastilloBrenda\system\CodeIgniter.php(419): CodeIgniter\CodeIgniter->runController(Object(App\Controllers\Home))
#5 C:\xampp\htdocs\CI_CastilloBrenda\system\CodeIgniter.php(326): CodeIgniter\CodeIgniter->handleRequest(NULL, Object(Config\Cache), false)
#6 C:\xampp\htdocs\CI_CastilloBrenda\public\index.php(37): CodeIgniter\CodeIgniter->run()
#7 {main}
CRITICAL - 2022-04-13 23:11:27 --> Invalid file: quienesSomos_view.php
#0 C:\xampp\htdocs\CI_CastilloBrenda\system\View\View.php(198): CodeIgniter\Exceptions\FrameworkException::forInvalidFile('quienesSomos_vi...')
#1 C:\xampp\htdocs\CI_CastilloBrenda\system\Common.php(1089): CodeIgniter\View\View->render('quienesSomos_vi...', Array, true)
#2 C:\xampp\htdocs\CI_CastilloBrenda\app\Controllers\Home.php(14): view('quienesSomos_vi...')
#3 C:\xampp\htdocs\CI_CastilloBrenda\system\CodeIgniter.php(832): App\Controllers\Home->quienes_somos()
#4 C:\xampp\htdocs\CI_CastilloBrenda\system\CodeIgniter.php(419): CodeIgniter\CodeIgniter->runController(Object(App\Controllers\Home))
#5 C:\xampp\htdocs\CI_CastilloBrenda\system\CodeIgniter.php(326): CodeIgniter\CodeIgniter->handleRequest(NULL, Object(Config\Cache), false)
#6 C:\xampp\htdocs\CI_CastilloBrenda\public\index.php(37): CodeIgniter\CodeIgniter->run()
#7 {main}
CRITICAL - 2022-04-13 23:11:28 --> Invalid file: quienesSomos_view.php
#0 C:\xampp\htdocs\CI_CastilloBrenda\system\View\View.php(198): CodeIgniter\Exceptions\FrameworkException::forInvalidFile('quienesSomos_vi...')
#1 C:\xampp\htdocs\CI_CastilloBrenda\system\Common.php(1089): CodeIgniter\View\View->render('quienesSomos_vi...', Array, true)
#2 C:\xampp\htdocs\CI_CastilloBrenda\app\Controllers\Home.php(14): view('quienesSomos_vi...')
#3 C:\xampp\htdocs\CI_CastilloBrenda\system\CodeIgniter.php(832): App\Controllers\Home->quienes_somos()
#4 C:\xampp\htdocs\CI_CastilloBrenda\system\CodeIgniter.php(419): CodeIgniter\CodeIgniter->runController(Object(App\Controllers\Home))
#5 C:\xampp\htdocs\CI_CastilloBrenda\system\CodeIgniter.php(326): CodeIgniter\CodeIgniter->handleRequest(NULL, Object(Config\Cache), false)
#6 C:\xampp\htdocs\CI_CastilloBrenda\public\index.php(37): CodeIgniter\CodeIgniter->run()
#7 {main}
CRITICAL - 2022-04-13 23:11:28 --> Invalid file: quienesSomos_view.php
#0 C:\xampp\htdocs\CI_CastilloBrenda\system\View\View.php(198): CodeIgniter\Exceptions\FrameworkException::forInvalidFile('quienesSomos_vi...')
#1 C:\xampp\htdocs\CI_CastilloBrenda\system\Common.php(1089): CodeIgniter\View\View->render('quienesSomos_vi...', Array, true)
#2 C:\xampp\htdocs\CI_CastilloBrenda\app\Controllers\Home.php(14): view('quienesSomos_vi...')
#3 C:\xampp\htdocs\CI_CastilloBrenda\system\CodeIgniter.php(832): App\Controllers\Home->quienes_somos()
#4 C:\xampp\htdocs\CI_CastilloBrenda\system\CodeIgniter.php(419): CodeIgniter\CodeIgniter->runController(Object(App\Controllers\Home))
#5 C:\xampp\htdocs\CI_CastilloBrenda\system\CodeIgniter.php(326): CodeIgniter\CodeIgniter->handleRequest(NULL, Object(Config\Cache), false)
#6 C:\xampp\htdocs\CI_CastilloBrenda\public\index.php(37): CodeIgniter\CodeIgniter->run()
#7 {main}
CRITICAL - 2022-04-13 23:11:43 --> Invalid file: quienesSomos_view.php
#0 C:\xampp\htdocs\CI_CastilloBrenda\system\View\View.php(198): CodeIgniter\Exceptions\FrameworkException::forInvalidFile('quienesSomos_vi...')
#1 C:\xampp\htdocs\CI_CastilloBrenda\system\Common.php(1089): CodeIgniter\View\View->render('quienesSomos_vi...', Array, true)
#2 C:\xampp\htdocs\CI_CastilloBrenda\app\Controllers\Home.php(14): view('quienesSomos_vi...')
#3 C:\xampp\htdocs\CI_CastilloBrenda\system\CodeIgniter.php(832): App\Controllers\Home->quienes_somos()
#4 C:\xampp\htdocs\CI_CastilloBrenda\system\CodeIgniter.php(419): CodeIgniter\CodeIgniter->runController(Object(App\Controllers\Home))
#5 C:\xampp\htdocs\CI_CastilloBrenda\system\CodeIgniter.php(326): CodeIgniter\CodeIgniter->handleRequest(NULL, Object(Config\Cache), false)
#6 C:\xampp\htdocs\CI_CastilloBrenda\public\index.php(37): CodeIgniter\CodeIgniter->run()
#7 {main}
