CRITICAL - 2022-06-17 18:35:01 --> syntax error, unexpected ','
#0 C:\xampp\htdocs\CI_CastilloBrenda\system\Router\Router.php(175): CodeIgniter\Router\Router->autoRoute('VentaController...')
#1 C:\xampp\htdocs\CI_CastilloBrenda\system\CodeIgniter.php(726): CodeIgniter\Router\Router->handle('VentaController...')
#2 C:\xampp\htdocs\CI_CastilloBrenda\system\CodeIgniter.php(368): CodeIgniter\CodeIgniter->tryToRouteIt(Object(CodeIgniter\Router\RouteCollection))
#3 C:\xampp\htdocs\CI_CastilloBrenda\system\CodeIgniter.php(326): CodeIgniter\CodeIgniter->handleRequest(NULL, Object(Config\Cache), false)
#4 C:\xampp\htdocs\CI_CastilloBrenda\index.php(37): CodeIgniter\CodeIgniter->run()
#5 {main}
CRITICAL - 2022-06-17 18:36:04 --> Illegal string offset 'stock'
#0 C:\xampp\htdocs\CI_CastilloBrenda\app\Controllers\VentaController.php(40): CodeIgniter\Debug\Exceptions->errorHandler(2, 'Illegal string ...', 'C:\\xampp\\htdocs...', 40, Array)
#1 C:\xampp\htdocs\CI_CastilloBrenda\system\CodeIgniter.php(832): App\Controllers\VentaController->realizar_pedido()
#2 C:\xampp\htdocs\CI_CastilloBrenda\system\CodeIgniter.php(419): CodeIgniter\CodeIgniter->runController(Object(App\Controllers\VentaController))
#3 C:\xampp\htdocs\CI_CastilloBrenda\system\CodeIgniter.php(326): CodeIgniter\CodeIgniter->handleRequest(NULL, Object(Config\Cache), false)
#4 C:\xampp\htdocs\CI_CastilloBrenda\index.php(37): CodeIgniter\CodeIgniter->run()
#5 {main}
CRITICAL - 2022-06-17 18:43:04 --> Illegal string offset 'stock'
#0 C:\xampp\htdocs\CI_CastilloBrenda\app\Controllers\VentaController.php(27): CodeIgniter\Debug\Exceptions->errorHandler(2, 'Illegal string ...', 'C:\\xampp\\htdocs...', 27, Array)
#1 C:\xampp\htdocs\CI_CastilloBrenda\system\CodeIgniter.php(832): App\Controllers\VentaController->realizar_pedido()
#2 C:\xampp\htdocs\CI_CastilloBrenda\system\CodeIgniter.php(419): CodeIgniter\CodeIgniter->runController(Object(App\Controllers\VentaController))
#3 C:\xampp\htdocs\CI_CastilloBrenda\system\CodeIgniter.php(326): CodeIgniter\CodeIgniter->handleRequest(NULL, Object(Config\Cache), false)
#4 C:\xampp\htdocs\CI_CastilloBrenda\index.php(37): CodeIgniter\CodeIgniter->run()
#5 {main}
CRITICAL - 2022-06-17 18:45:46 --> Illegal string offset 'stock'
#0 C:\xampp\htdocs\CI_CastilloBrenda\app\Controllers\VentaController.php(27): CodeIgniter\Debug\Exceptions->errorHandler(2, 'Illegal string ...', 'C:\\xampp\\htdocs...', 27, Array)
#1 C:\xampp\htdocs\CI_CastilloBrenda\system\CodeIgniter.php(832): App\Controllers\VentaController->realizar_pedido()
#2 C:\xampp\htdocs\CI_CastilloBrenda\system\CodeIgniter.php(419): CodeIgniter\CodeIgniter->runController(Object(App\Controllers\VentaController))
#3 C:\xampp\htdocs\CI_CastilloBrenda\system\CodeIgniter.php(326): CodeIgniter\CodeIgniter->handleRequest(NULL, Object(Config\Cache), false)
#4 C:\xampp\htdocs\CI_CastilloBrenda\index.php(37): CodeIgniter\CodeIgniter->run()
#5 {main}
CRITICAL - 2022-06-17 19:21:31 --> Undefined variable: session
#0 C:\xampp\htdocs\CI_CastilloBrenda\app\Controllers\VentaController.php(126): CodeIgniter\Debug\Exceptions->errorHandler(8, 'Undefined varia...', 'C:\\xampp\\htdocs...', 126, Array)
#1 C:\xampp\htdocs\CI_CastilloBrenda\system\CodeIgniter.php(832): App\Controllers\VentaController->terminarCompra()
#2 C:\xampp\htdocs\CI_CastilloBrenda\system\CodeIgniter.php(419): CodeIgniter\CodeIgniter->runController(Object(App\Controllers\VentaController))
#3 C:\xampp\htdocs\CI_CastilloBrenda\system\CodeIgniter.php(326): CodeIgniter\CodeIgniter->handleRequest(NULL, Object(Config\Cache), false)
#4 C:\xampp\htdocs\CI_CastilloBrenda\index.php(37): CodeIgniter\CodeIgniter->run()
#5 {main}
CRITICAL - 2022-06-17 19:38:11 --> Illegal string offset 'stock'
#0 C:\xampp\htdocs\CI_CastilloBrenda\app\Controllers\VentaController.php(112): CodeIgniter\Debug\Exceptions->errorHandler(2, 'Illegal string ...', 'C:\\xampp\\htdocs...', 112, Array)
#1 C:\xampp\htdocs\CI_CastilloBrenda\system\CodeIgniter.php(832): App\Controllers\VentaController->terminarCompra()
#2 C:\xampp\htdocs\CI_CastilloBrenda\system\CodeIgniter.php(419): CodeIgniter\CodeIgniter->runController(Object(App\Controllers\VentaController))
#3 C:\xampp\htdocs\CI_CastilloBrenda\system\CodeIgniter.php(326): CodeIgniter\CodeIgniter->handleRequest(NULL, Object(Config\Cache), false)
#4 C:\xampp\htdocs\CI_CastilloBrenda\index.php(37): CodeIgniter\CodeIgniter->run()
#5 {main}
CRITICAL - 2022-06-17 19:41:29 --> Illegal string offset 'stock'
#0 C:\xampp\htdocs\CI_CastilloBrenda\app\Controllers\VentaController.php(113): CodeIgniter\Debug\Exceptions->errorHandler(2, 'Illegal string ...', 'C:\\xampp\\htdocs...', 113, Array)
#1 C:\xampp\htdocs\CI_CastilloBrenda\system\CodeIgniter.php(832): App\Controllers\VentaController->terminarCompra()
#2 C:\xampp\htdocs\CI_CastilloBrenda\system\CodeIgniter.php(419): CodeIgniter\CodeIgniter->runController(Object(App\Controllers\VentaController))
#3 C:\xampp\htdocs\CI_CastilloBrenda\system\CodeIgniter.php(326): CodeIgniter\CodeIgniter->handleRequest(NULL, Object(Config\Cache), false)
#4 C:\xampp\htdocs\CI_CastilloBrenda\index.php(37): CodeIgniter\CodeIgniter->run()
#5 {main}
CRITICAL - 2022-06-17 19:46:08 --> syntax error, unexpected ';', expecting ')'
#0 C:\xampp\htdocs\CI_CastilloBrenda\system\Router\Router.php(175): CodeIgniter\Router\Router->autoRoute('VentaController...')
#1 C:\xampp\htdocs\CI_CastilloBrenda\system\CodeIgniter.php(726): CodeIgniter\Router\Router->handle('VentaController...')
#2 C:\xampp\htdocs\CI_CastilloBrenda\system\CodeIgniter.php(368): CodeIgniter\CodeIgniter->tryToRouteIt(Object(CodeIgniter\Router\RouteCollection))
#3 C:\xampp\htdocs\CI_CastilloBrenda\system\CodeIgniter.php(326): CodeIgniter\CodeIgniter->handleRequest(NULL, Object(Config\Cache), false)
#4 C:\xampp\htdocs\CI_CastilloBrenda\index.php(37): CodeIgniter\CodeIgniter->run()
#5 {main}
CRITICAL - 2022-06-17 19:47:03 --> syntax error, unexpected ';', expecting ')'
#0 C:\xampp\htdocs\CI_CastilloBrenda\system\Router\Router.php(175): CodeIgniter\Router\Router->autoRoute('VentaController...')
#1 C:\xampp\htdocs\CI_CastilloBrenda\system\CodeIgniter.php(726): CodeIgniter\Router\Router->handle('VentaController...')
#2 C:\xampp\htdocs\CI_CastilloBrenda\system\CodeIgniter.php(368): CodeIgniter\CodeIgniter->tryToRouteIt(Object(CodeIgniter\Router\RouteCollection))
#3 C:\xampp\htdocs\CI_CastilloBrenda\system\CodeIgniter.php(326): CodeIgniter\CodeIgniter->handleRequest(NULL, Object(Config\Cache), false)
#4 C:\xampp\htdocs\CI_CastilloBrenda\index.php(37): CodeIgniter\CodeIgniter->run()
#5 {main}
CRITICAL - 2022-06-17 19:48:48 --> syntax error, unexpected ')'
#0 C:\xampp\htdocs\CI_CastilloBrenda\system\Router\Router.php(175): CodeIgniter\Router\Router->autoRoute('VentaController...')
#1 C:\xampp\htdocs\CI_CastilloBrenda\system\CodeIgniter.php(726): CodeIgniter\Router\Router->handle('VentaController...')
#2 C:\xampp\htdocs\CI_CastilloBrenda\system\CodeIgniter.php(368): CodeIgniter\CodeIgniter->tryToRouteIt(Object(CodeIgniter\Router\RouteCollection))
#3 C:\xampp\htdocs\CI_CastilloBrenda\system\CodeIgniter.php(326): CodeIgniter\CodeIgniter->handleRequest(NULL, Object(Config\Cache), false)
#4 C:\xampp\htdocs\CI_CastilloBrenda\index.php(37): CodeIgniter\CodeIgniter->run()
#5 {main}
CRITICAL - 2022-06-17 19:48:58 --> Illegal string offset 'stock'
#0 C:\xampp\htdocs\CI_CastilloBrenda\app\Controllers\VentaController.php(29): CodeIgniter\Debug\Exceptions->errorHandler(2, 'Illegal string ...', 'C:\\xampp\\htdocs...', 29, Array)
#1 C:\xampp\htdocs\CI_CastilloBrenda\system\CodeIgniter.php(832): App\Controllers\VentaController->realizar_pedido()
#2 C:\xampp\htdocs\CI_CastilloBrenda\system\CodeIgniter.php(419): CodeIgniter\CodeIgniter->runController(Object(App\Controllers\VentaController))
#3 C:\xampp\htdocs\CI_CastilloBrenda\system\CodeIgniter.php(326): CodeIgniter\CodeIgniter->handleRequest(NULL, Object(Config\Cache), false)
#4 C:\xampp\htdocs\CI_CastilloBrenda\index.php(37): CodeIgniter\CodeIgniter->run()
#5 {main}
CRITICAL - 2022-06-17 19:58:23 --> Undefined variable: session
#0 C:\xampp\htdocs\CI_CastilloBrenda\app\Controllers\VentaController.php(129): CodeIgniter\Debug\Exceptions->errorHandler(8, 'Undefined varia...', 'C:\\xampp\\htdocs...', 129, Array)
#1 C:\xampp\htdocs\CI_CastilloBrenda\system\CodeIgniter.php(832): App\Controllers\VentaController->terminarCompra()
#2 C:\xampp\htdocs\CI_CastilloBrenda\system\CodeIgniter.php(419): CodeIgniter\CodeIgniter->runController(Object(App\Controllers\VentaController))
#3 C:\xampp\htdocs\CI_CastilloBrenda\system\CodeIgniter.php(326): CodeIgniter\CodeIgniter->handleRequest(NULL, Object(Config\Cache), false)
#4 C:\xampp\htdocs\CI_CastilloBrenda\index.php(37): CodeIgniter\CodeIgniter->run()
#5 {main}
CRITICAL - 2022-06-17 20:26:16 --> Undefined variable: message
#0 C:\xampp\htdocs\CI_CastilloBrenda\app\Controllers\VentaController.php(56): CodeIgniter\Debug\Exceptions->errorHandler(8, 'Undefined varia...', 'C:\\xampp\\htdocs...', 56, Array)
#1 C:\xampp\htdocs\CI_CastilloBrenda\system\CodeIgniter.php(832): App\Controllers\VentaController->realizar_pedido()
#2 C:\xampp\htdocs\CI_CastilloBrenda\system\CodeIgniter.php(419): CodeIgniter\CodeIgniter->runController(Object(App\Controllers\VentaController))
#3 C:\xampp\htdocs\CI_CastilloBrenda\system\CodeIgniter.php(326): CodeIgniter\CodeIgniter->handleRequest(NULL, Object(Config\Cache), false)
#4 C:\xampp\htdocs\CI_CastilloBrenda\index.php(37): CodeIgniter\CodeIgniter->run()
#5 {main}
CRITICAL - 2022-06-17 20:28:00 --> Undefined variable: item
#0 C:\xampp\htdocs\CI_CastilloBrenda\app\Views\carrito_view.php(29): CodeIgniter\Debug\Exceptions->errorHandler(8, 'Undefined varia...', 'C:\\xampp\\htdocs...', 29, Array)
#1 C:\xampp\htdocs\CI_CastilloBrenda\system\View\View.php(210): include('C:\\xampp\\htdocs...')
#2 C:\xampp\htdocs\CI_CastilloBrenda\system\View\View.php(213): CodeIgniter\View\View->CodeIgniter\View\{closure}()
#3 C:\xampp\htdocs\CI_CastilloBrenda\system\Common.php(1089): CodeIgniter\View\View->render('carrito_view', Array, true)
#4 C:\xampp\htdocs\CI_CastilloBrenda\app\Controllers\CarritoController.php(21): view('carrito_view')
#5 C:\xampp\htdocs\CI_CastilloBrenda\system\CodeIgniter.php(832): App\Controllers\CarritoController->index()
#6 C:\xampp\htdocs\CI_CastilloBrenda\system\CodeIgniter.php(419): CodeIgniter\CodeIgniter->runController(Object(App\Controllers\CarritoController))
#7 C:\xampp\htdocs\CI_CastilloBrenda\system\CodeIgniter.php(326): CodeIgniter\CodeIgniter->handleRequest(NULL, Object(Config\Cache), false)
#8 C:\xampp\htdocs\CI_CastilloBrenda\index.php(37): CodeIgniter\CodeIgniter->run()
#9 {main}
CRITICAL - 2022-06-17 20:34:51 --> Undefined property: App\Controllers\CarritoController::$cart
#0 C:\xampp\htdocs\CI_CastilloBrenda\app\Controllers\CarritoController.php(57): CodeIgniter\Debug\Exceptions->errorHandler(8, 'Undefined prope...', 'C:\\xampp\\htdocs...', 57, Array)
#1 C:\xampp\htdocs\CI_CastilloBrenda\system\CodeIgniter.php(832): App\Controllers\CarritoController->aumentar('c9f0f895fb98ab9...')
#2 C:\xampp\htdocs\CI_CastilloBrenda\system\CodeIgniter.php(419): CodeIgniter\CodeIgniter->runController(Object(App\Controllers\CarritoController))
#3 C:\xampp\htdocs\CI_CastilloBrenda\system\CodeIgniter.php(326): CodeIgniter\CodeIgniter->handleRequest(NULL, Object(Config\Cache), false)
#4 C:\xampp\htdocs\CI_CastilloBrenda\index.php(37): CodeIgniter\CodeIgniter->run()
#5 {main}
CRITICAL - 2022-06-17 20:37:25 --> Call to a member function update() on array
#0 C:\xampp\htdocs\CI_CastilloBrenda\system\CodeIgniter.php(832): App\Controllers\CarritoController->aumentar('c9f0f895fb98ab9...')
#1 C:\xampp\htdocs\CI_CastilloBrenda\system\CodeIgniter.php(419): CodeIgniter\CodeIgniter->runController(Object(App\Controllers\CarritoController))
#2 C:\xampp\htdocs\CI_CastilloBrenda\system\CodeIgniter.php(326): CodeIgniter\CodeIgniter->handleRequest(NULL, Object(Config\Cache), false)
#3 C:\xampp\htdocs\CI_CastilloBrenda\index.php(37): CodeIgniter\CodeIgniter->run()
#4 {main}
CRITICAL - 2022-06-17 20:37:55 --> Undefined variable: producto
#0 C:\xampp\htdocs\CI_CastilloBrenda\app\Controllers\CarritoController.php(65): CodeIgniter\Debug\Exceptions->errorHandler(8, 'Undefined varia...', 'C:\\xampp\\htdocs...', 65, Array)
#1 C:\xampp\htdocs\CI_CastilloBrenda\system\CodeIgniter.php(832): App\Controllers\CarritoController->aumentar('c9f0f895fb98ab9...')
#2 C:\xampp\htdocs\CI_CastilloBrenda\system\CodeIgniter.php(419): CodeIgniter\CodeIgniter->runController(Object(App\Controllers\CarritoController))
#3 C:\xampp\htdocs\CI_CastilloBrenda\system\CodeIgniter.php(326): CodeIgniter\CodeIgniter->handleRequest(NULL, Object(Config\Cache), false)
#4 C:\xampp\htdocs\CI_CastilloBrenda\index.php(37): CodeIgniter\CodeIgniter->run()
#5 {main}
CRITICAL - 2022-06-17 20:38:17 --> There is no data to update.
#0 C:\xampp\htdocs\CI_CastilloBrenda\system\BaseModel.php(846): CodeIgniter\Database\Exceptions\DataException::forEmptyDataset('update')
#1 C:\xampp\htdocs\CI_CastilloBrenda\system\Model.php(651): CodeIgniter\BaseModel->update(Array, Array)
#2 C:\xampp\htdocs\CI_CastilloBrenda\app\Controllers\CarritoController.php(66): CodeIgniter\Model->update(1, Array)
#3 C:\xampp\htdocs\CI_CastilloBrenda\system\CodeIgniter.php(832): App\Controllers\CarritoController->aumentar('c9f0f895fb98ab9...')
#4 C:\xampp\htdocs\CI_CastilloBrenda\system\CodeIgniter.php(419): CodeIgniter\CodeIgniter->runController(Object(App\Controllers\CarritoController))
#5 C:\xampp\htdocs\CI_CastilloBrenda\system\CodeIgniter.php(326): CodeIgniter\CodeIgniter->handleRequest(NULL, Object(Config\Cache), false)
#6 C:\xampp\htdocs\CI_CastilloBrenda\index.php(37): CodeIgniter\CodeIgniter->run()
#7 {main}
CRITICAL - 2022-06-17 20:38:37 --> There is no data to update.
#0 C:\xampp\htdocs\CI_CastilloBrenda\system\BaseModel.php(846): CodeIgniter\Database\Exceptions\DataException::forEmptyDataset('update')
#1 C:\xampp\htdocs\CI_CastilloBrenda\system\Model.php(651): CodeIgniter\BaseModel->update(Array, Array)
#2 C:\xampp\htdocs\CI_CastilloBrenda\app\Controllers\CarritoController.php(66): CodeIgniter\Model->update(1, Array)
#3 C:\xampp\htdocs\CI_CastilloBrenda\system\CodeIgniter.php(832): App\Controllers\CarritoController->aumentar('c9f0f895fb98ab9...')
#4 C:\xampp\htdocs\CI_CastilloBrenda\system\CodeIgniter.php(419): CodeIgniter\CodeIgniter->runController(Object(App\Controllers\CarritoController))
#5 C:\xampp\htdocs\CI_CastilloBrenda\system\CodeIgniter.php(326): CodeIgniter\CodeIgniter->handleRequest(NULL, Object(Config\Cache), false)
#6 C:\xampp\htdocs\CI_CastilloBrenda\index.php(37): CodeIgniter\CodeIgniter->run()
#7 {main}
CRITICAL - 2022-06-17 20:39:19 --> There is no data to update.
#0 C:\xampp\htdocs\CI_CastilloBrenda\system\BaseModel.php(1574): CodeIgniter\Database\Exceptions\DataException::forEmptyDataset('update')
#1 C:\xampp\htdocs\CI_CastilloBrenda\system\BaseModel.php(832): CodeIgniter\BaseModel->transformDataToArray(NULL, 'update')
#2 C:\xampp\htdocs\CI_CastilloBrenda\system\Model.php(651): CodeIgniter\BaseModel->update(Array, NULL)
#3 C:\xampp\htdocs\CI_CastilloBrenda\app\Controllers\CarritoController.php(66): CodeIgniter\Model->update(Array)
#4 C:\xampp\htdocs\CI_CastilloBrenda\system\CodeIgniter.php(832): App\Controllers\CarritoController->aumentar('c9f0f895fb98ab9...')
#5 C:\xampp\htdocs\CI_CastilloBrenda\system\CodeIgniter.php(419): CodeIgniter\CodeIgniter->runController(Object(App\Controllers\CarritoController))
#6 C:\xampp\htdocs\CI_CastilloBrenda\system\CodeIgniter.php(326): CodeIgniter\CodeIgniter->handleRequest(NULL, Object(Config\Cache), false)
#7 C:\xampp\htdocs\CI_CastilloBrenda\index.php(37): CodeIgniter\CodeIgniter->run()
#8 {main}
CRITICAL - 2022-06-17 20:40:04 --> Undefined property: App\Controllers\CarritoController::$cart
#0 C:\xampp\htdocs\CI_CastilloBrenda\app\Controllers\CarritoController.php(65): CodeIgniter\Debug\Exceptions->errorHandler(8, 'Undefined prope...', 'C:\\xampp\\htdocs...', 65, Array)
#1 C:\xampp\htdocs\CI_CastilloBrenda\system\CodeIgniter.php(832): App\Controllers\CarritoController->aumentar('c9f0f895fb98ab9...')
#2 C:\xampp\htdocs\CI_CastilloBrenda\system\CodeIgniter.php(419): CodeIgniter\CodeIgniter->runController(Object(App\Controllers\CarritoController))
#3 C:\xampp\htdocs\CI_CastilloBrenda\system\CodeIgniter.php(326): CodeIgniter\CodeIgniter->handleRequest(NULL, Object(Config\Cache), false)
#4 C:\xampp\htdocs\CI_CastilloBrenda\index.php(37): CodeIgniter\CodeIgniter->run()
#5 {main}
CRITICAL - 2022-06-17 20:40:41 -->  route cannot be found while reverse-routing.
#0 C:\xampp\htdocs\CI_CastilloBrenda\system\HTTP\RedirectResponse.php(56): CodeIgniter\HTTP\Exceptions\HTTPException::forInvalidRedirectRoute('')
#1 C:\xampp\htdocs\CI_CastilloBrenda\system\Common.php(832): CodeIgniter\HTTP\RedirectResponse->route(false)
#2 C:\xampp\htdocs\CI_CastilloBrenda\app\Controllers\CarritoController.php(67): redirect('http://localhos...')
#3 C:\xampp\htdocs\CI_CastilloBrenda\system\CodeIgniter.php(832): App\Controllers\CarritoController->aumentar('c9f0f895fb98ab9...')
#4 C:\xampp\htdocs\CI_CastilloBrenda\system\CodeIgniter.php(419): CodeIgniter\CodeIgniter->runController(Object(App\Controllers\CarritoController))
#5 C:\xampp\htdocs\CI_CastilloBrenda\system\CodeIgniter.php(326): CodeIgniter\CodeIgniter->handleRequest(NULL, Object(Config\Cache), false)
#6 C:\xampp\htdocs\CI_CastilloBrenda\index.php(37): CodeIgniter\CodeIgniter->run()
#7 {main}
CRITICAL - 2022-06-17 20:41:42 -->  route cannot be found while reverse-routing.
#0 C:\xampp\htdocs\CI_CastilloBrenda\system\HTTP\RedirectResponse.php(56): CodeIgniter\HTTP\Exceptions\HTTPException::forInvalidRedirectRoute('')
#1 C:\xampp\htdocs\CI_CastilloBrenda\system\Common.php(832): CodeIgniter\HTTP\RedirectResponse->route(false)
#2 C:\xampp\htdocs\CI_CastilloBrenda\app\Controllers\CarritoController.php(67): redirect('http://localhos...')
#3 C:\xampp\htdocs\CI_CastilloBrenda\system\CodeIgniter.php(832): App\Controllers\CarritoController->aumentar('1679091c5a880fa...')
#4 C:\xampp\htdocs\CI_CastilloBrenda\system\CodeIgniter.php(419): CodeIgniter\CodeIgniter->runController(Object(App\Controllers\CarritoController))
#5 C:\xampp\htdocs\CI_CastilloBrenda\system\CodeIgniter.php(326): CodeIgniter\CodeIgniter->handleRequest(NULL, Object(Config\Cache), false)
#6 C:\xampp\htdocs\CI_CastilloBrenda\index.php(37): CodeIgniter\CodeIgniter->run()
#7 {main}
CRITICAL - 2022-06-17 20:43:40 --> Undefined property: App\Controllers\CarritoController::$cart
#0 C:\xampp\htdocs\CI_CastilloBrenda\app\Controllers\CarritoController.php(79): CodeIgniter\Debug\Exceptions->errorHandler(8, 'Undefined prope...', 'C:\\xampp\\htdocs...', 79, Array)
#1 C:\xampp\htdocs\CI_CastilloBrenda\system\CodeIgniter.php(832): App\Controllers\CarritoController->disminuir('c9f0f895fb98ab9...')
#2 C:\xampp\htdocs\CI_CastilloBrenda\system\CodeIgniter.php(419): CodeIgniter\CodeIgniter->runController(Object(App\Controllers\CarritoController))
#3 C:\xampp\htdocs\CI_CastilloBrenda\system\CodeIgniter.php(326): CodeIgniter\CodeIgniter->handleRequest(NULL, Object(Config\Cache), false)
#4 C:\xampp\htdocs\CI_CastilloBrenda\index.php(37): CodeIgniter\CodeIgniter->run()
#5 {main}
CRITICAL - 2022-06-17 20:46:06 --> syntax error, unexpected end of file, expecting function (T_FUNCTION) or const (T_CONST)
#0 C:\xampp\htdocs\CI_CastilloBrenda\system\Autoloader\Autoloader.php(241): CodeIgniter\Autoloader\Autoloader->includeFile('C:\\xampp\\htdocs...')
#1 C:\xampp\htdocs\CI_CastilloBrenda\system\Autoloader\Autoloader.php(219): CodeIgniter\Autoloader\Autoloader->loadInNamespace('App\\Controllers...')
#2 [internal function]: CodeIgniter\Autoloader\Autoloader->loadClass('App\\Controllers...')
#3 [internal function]: spl_autoload_call('App\\Controllers...')
#4 C:\xampp\htdocs\CI_CastilloBrenda\system\CodeIgniter.php(797): class_exists('\\App\\Controller...', true)
#5 C:\xampp\htdocs\CI_CastilloBrenda\system\CodeIgniter.php(406): CodeIgniter\CodeIgniter->startController()
#6 C:\xampp\htdocs\CI_CastilloBrenda\system\CodeIgniter.php(326): CodeIgniter\CodeIgniter->handleRequest(NULL, Object(Config\Cache), false)
#7 C:\xampp\htdocs\CI_CastilloBrenda\index.php(37): CodeIgniter\CodeIgniter->run()
#8 {main}
CRITICAL - 2022-06-17 23:08:54 --> syntax error, unexpected '}', expecting ';'
#0 C:\xampp\htdocs\CI_CastilloBrenda\system\Autoloader\Autoloader.php(241): CodeIgniter\Autoloader\Autoloader->includeFile('C:\\xampp\\htdocs...')
#1 C:\xampp\htdocs\CI_CastilloBrenda\system\Autoloader\Autoloader.php(219): CodeIgniter\Autoloader\Autoloader->loadInNamespace('App\\Filters\\Fil...')
#2 [internal function]: CodeIgniter\Autoloader\Autoloader->loadClass('App\\Filters\\Fil...')
#3 C:\xampp\htdocs\CI_CastilloBrenda\system\Filters\Filters.php(166): spl_autoload_call('App\\Filters\\Fil...')
#4 C:\xampp\htdocs\CI_CastilloBrenda\system\CodeIgniter.php(393): CodeIgniter\Filters\Filters->run('agregar_product...', 'before')
#5 C:\xampp\htdocs\CI_CastilloBrenda\system\CodeIgniter.php(326): CodeIgniter\CodeIgniter->handleRequest(NULL, Object(Config\Cache), false)
#6 C:\xampp\htdocs\CI_CastilloBrenda\index.php(37): CodeIgniter\CodeIgniter->run()
#7 {main}
CRITICAL - 2022-06-17 23:09:02 --> syntax error, unexpected '}', expecting ';'
#0 C:\xampp\htdocs\CI_CastilloBrenda\system\Autoloader\Autoloader.php(241): CodeIgniter\Autoloader\Autoloader->includeFile('C:\\xampp\\htdocs...')
#1 C:\xampp\htdocs\CI_CastilloBrenda\system\Autoloader\Autoloader.php(219): CodeIgniter\Autoloader\Autoloader->loadInNamespace('App\\Filters\\Fil...')
#2 [internal function]: CodeIgniter\Autoloader\Autoloader->loadClass('App\\Filters\\Fil...')
#3 C:\xampp\htdocs\CI_CastilloBrenda\system\Filters\Filters.php(166): spl_autoload_call('App\\Filters\\Fil...')
#4 C:\xampp\htdocs\CI_CastilloBrenda\system\CodeIgniter.php(393): CodeIgniter\Filters\Filters->run('agregar_product...', 'before')
#5 C:\xampp\htdocs\CI_CastilloBrenda\system\CodeIgniter.php(326): CodeIgniter\CodeIgniter->handleRequest(NULL, Object(Config\Cache), false)
#6 C:\xampp\htdocs\CI_CastilloBrenda\index.php(37): CodeIgniter\CodeIgniter->run()
#7 {main}
CRITICAL - 2022-06-17 23:09:27 --> syntax error, unexpected '}', expecting ';'
#0 C:\xampp\htdocs\CI_CastilloBrenda\system\Autoloader\Autoloader.php(241): CodeIgniter\Autoloader\Autoloader->includeFile('C:\\xampp\\htdocs...')
#1 C:\xampp\htdocs\CI_CastilloBrenda\system\Autoloader\Autoloader.php(219): CodeIgniter\Autoloader\Autoloader->loadInNamespace('App\\Filters\\Fil...')
#2 [internal function]: CodeIgniter\Autoloader\Autoloader->loadClass('App\\Filters\\Fil...')
#3 C:\xampp\htdocs\CI_CastilloBrenda\system\Filters\Filters.php(166): spl_autoload_call('App\\Filters\\Fil...')
#4 C:\xampp\htdocs\CI_CastilloBrenda\system\CodeIgniter.php(393): CodeIgniter\Filters\Filters->run('agregar_product...', 'before')
#5 C:\xampp\htdocs\CI_CastilloBrenda\system\CodeIgniter.php(326): CodeIgniter\CodeIgniter->handleRequest(NULL, Object(Config\Cache), false)
#6 C:\xampp\htdocs\CI_CastilloBrenda\index.php(37): CodeIgniter\CodeIgniter->run()
#7 {main}
CRITICAL - 2022-06-17 23:43:00 --> Undefined index: descripcion_categoria
#0 C:\xampp\htdocs\CI_CastilloBrenda\app\Views\producto\listar_producto_view.php(29): CodeIgniter\Debug\Exceptions->errorHandler(8, 'Undefined index...', 'C:\\xampp\\htdocs...', 29, Array)
#1 C:\xampp\htdocs\CI_CastilloBrenda\system\View\View.php(210): include('C:\\xampp\\htdocs...')
#2 C:\xampp\htdocs\CI_CastilloBrenda\system\View\View.php(213): CodeIgniter\View\View->CodeIgniter\View\{closure}()
#3 C:\xampp\htdocs\CI_CastilloBrenda\system\Common.php(1089): CodeIgniter\View\View->render('producto/listar...', Array, true)
#4 C:\xampp\htdocs\CI_CastilloBrenda\app\Controllers\ProductoController.php(202): view('producto/listar...')
#5 C:\xampp\htdocs\CI_CastilloBrenda\system\CodeIgniter.php(832): App\Controllers\ProductoController->categoria_productos()
#6 C:\xampp\htdocs\CI_CastilloBrenda\system\CodeIgniter.php(419): CodeIgniter\CodeIgniter->runController(Object(App\Controllers\ProductoController))
#7 C:\xampp\htdocs\CI_CastilloBrenda\system\CodeIgniter.php(326): CodeIgniter\CodeIgniter->handleRequest(NULL, Object(Config\Cache), false)
#8 C:\xampp\htdocs\CI_CastilloBrenda\index.php(37): CodeIgniter\CodeIgniter->run()
#9 {main}
CRITICAL - 2022-06-17 23:44:12 --> Undefined index: descripcion_categoria
#0 C:\xampp\htdocs\CI_CastilloBrenda\app\Views\producto\listar_producto_view.php(29): CodeIgniter\Debug\Exceptions->errorHandler(8, 'Undefined index...', 'C:\\xampp\\htdocs...', 29, Array)
#1 C:\xampp\htdocs\CI_CastilloBrenda\system\View\View.php(210): include('C:\\xampp\\htdocs...')
#2 C:\xampp\htdocs\CI_CastilloBrenda\system\View\View.php(213): CodeIgniter\View\View->CodeIgniter\View\{closure}()
#3 C:\xampp\htdocs\CI_CastilloBrenda\system\Common.php(1089): CodeIgniter\View\View->render('producto/listar...', Array, true)
#4 C:\xampp\htdocs\CI_CastilloBrenda\app\Controllers\ProductoController.php(202): view('producto/listar...')
#5 C:\xampp\htdocs\CI_CastilloBrenda\system\CodeIgniter.php(832): App\Controllers\ProductoController->categoria_productos()
#6 C:\xampp\htdocs\CI_CastilloBrenda\system\CodeIgniter.php(419): CodeIgniter\CodeIgniter->runController(Object(App\Controllers\ProductoController))
#7 C:\xampp\htdocs\CI_CastilloBrenda\system\CodeIgniter.php(326): CodeIgniter\CodeIgniter->handleRequest(NULL, Object(Config\Cache), false)
#8 C:\xampp\htdocs\CI_CastilloBrenda\index.php(37): CodeIgniter\CodeIgniter->run()
#9 {main}
